El DataFrame tiene 308 filas.
El DataFrame tiene 538 filas.
El DataFrame de agreed tiene 842 filas.
Etiquetas únicas en nature_visual:
['No' 'Yes']
------
nature_visual
No     572
Yes    270
Name: count, dtype: int64
Etiquetas únicas en nep_materiality_visual:
[nan 'material' 'immaterial']
------
nep_materiality_visual
material      159
immaterial    111
Name: count, dtype: int64
Etiquetas únicas en nep_biological_visual:
[nan 'biotic' 'abiotic']
------
nep_biological_visual
biotic     227
abiotic     43
Name: count, dtype: int64
Etiquetas únicas en landscape-type_visual:
[nan 'artificial_surfaces' 'forest_and_seminatural_areas' 'water_bodies'
 'other' 'none' 'wetlands' 'agricultural_areas']
------
landscape-type_visual
none                            209
artificial_surfaces              64
forest_and_seminatural_areas     19
water_bodies                      6
other                             3
wetlands                          1
agricultural_areas                1
Name: count, dtype: int64
Total de imágenes: 842
Total de batches: 27
Epoch 1/10, Loss: 4.3091
Epoch 2/10, Loss: 2.8908
Epoch 3/10, Loss: 2.4259
Epoch 4/10, Loss: 2.1082
Epoch 5/10, Loss: 1.8016
Epoch 6/10, Loss: 1.5715
Epoch 7/10, Loss: 1.4326
Epoch 8/10, Loss: 1.3531
Epoch 9/10, Loss: 1.3300
Epoch 10/10, Loss: 1.2172
Test Loss: 2.5717
Accuracy por tarea:
  Nature: 77.65%
  Materiality: 75.29%
  Biological: 78.82%
  Landscape: 69.41%

Confusion Matrix - Nature:
[[53  8]
 [11 13]]
Classification Report - Nature:
              precision    recall  f1-score   support

           0       0.83      0.87      0.85        61
           1       0.62      0.54      0.58        24

    accuracy                           0.78        85
   macro avg       0.72      0.71      0.71        85
weighted avg       0.77      0.78      0.77        85


Confusion Matrix - Materiality:
[[ 7  0  4]
 [ 2  2  9]
 [ 3  3 55]]
Classification Report - Materiality:
              precision    recall  f1-score   support

           0       0.58      0.64      0.61        11
           1       0.40      0.15      0.22        13
           2       0.81      0.90      0.85        61

    accuracy                           0.75        85
   macro avg       0.60      0.56      0.56        85
weighted avg       0.72      0.75      0.72        85


Confusion Matrix - Biological:
[[12  0  7]
 [ 1  1  3]
 [ 5  2 54]]
Classification Report - Biological:
              precision    recall  f1-score   support

           0       0.67      0.63      0.65        19
           1       0.33      0.20      0.25         5
           2       0.84      0.89      0.86        61

    accuracy                           0.79        85
   macro avg       0.61      0.57      0.59        85
weighted avg       0.77      0.79      0.78        85


Confusion Matrix - Landscape:
[[ 1  0  0  0  2]
 [ 0  0  0  0  0]
 [ 0  0  0  0  1]
 [ 1  1  0  5 12]
 [ 0  0  0  9 53]]
Classification Report - Landscape:
              precision    recall  f1-score   support

           0       0.50      0.33      0.40         3
           1       0.00      0.00      0.00         0
           5       0.00      0.00      0.00         1
           6       0.36      0.26      0.30        19
           7       0.78      0.85      0.82        62

    accuracy                           0.69        85
   macro avg       0.33      0.29      0.30        85
weighted avg       0.67      0.69      0.68        85

