El DataFrame tiene 308 filas.
El DataFrame tiene 538 filas.
El DataFrame de agreed tiene 842 filas.
Etiquetas únicas en nature_visual:
['No' 'Yes']
------
nature_visual
No     572
Yes    270
Name: count, dtype: int64
Etiquetas únicas en nep_materiality_visual:
[nan 'material' 'immaterial']
------
nep_materiality_visual
material      159
immaterial    111
Name: count, dtype: int64
Etiquetas únicas en nep_biological_visual:
[nan 'biotic' 'abiotic']
------
nep_biological_visual
biotic     227
abiotic     43
Name: count, dtype: int64
Etiquetas únicas en landscape-type_visual:
[nan 'artificial_surfaces' 'forest_and_seminatural_areas' 'water_bodies'
 'other' 'none' 'wetlands' 'agricultural_areas']
------
landscape-type_visual
none                            209
artificial_surfaces              64
forest_and_seminatural_areas     19
water_bodies                      6
other                             3
wetlands                          1
agricultural_areas                1
Name: count, dtype: int64
Total de imágenes: 842
Total de batches: 27
Epoch 1/10, Loss: 4.8273
Epoch 2/10, Loss: 3.7517
Epoch 3/10, Loss: 3.1179
Epoch 4/10, Loss: 2.7743
Epoch 5/10, Loss: 2.4716
Epoch 6/10, Loss: 2.2683
Epoch 7/10, Loss: 2.0807
Epoch 8/10, Loss: 1.8665
Epoch 9/10, Loss: 1.7567
Epoch 10/10, Loss: 1.6428
Test Loss: 2.8457
Accuracy por tarea:
  Nature: 77.65%
  Materiality: 74.12%
  Biological: 68.24%
  Landscape: 64.71%

Confusion Matrix - Nature:
[[52  9]
 [10 14]]
Classification Report - Nature:
              precision    recall  f1-score   support

           0       0.84      0.85      0.85        61
           1       0.61      0.58      0.60        24

    accuracy                           0.78        85
   macro avg       0.72      0.72      0.72        85
weighted avg       0.77      0.78      0.78        85


Confusion Matrix - Materiality:
[[ 7  0  7]
 [ 1  3  6]
 [ 5  3 53]]
Classification Report - Materiality:
              precision    recall  f1-score   support

           0       0.54      0.50      0.52        14
           1       0.50      0.30      0.37        10
           2       0.80      0.87      0.83        61

    accuracy                           0.74        85
   macro avg       0.61      0.56      0.58        85
weighted avg       0.72      0.74      0.73        85


Confusion Matrix - Biological:
[[ 7  0 11]
 [ 2  0  4]
 [10  0 51]]
Classification Report - Biological:
              precision    recall  f1-score   support

           0       0.37      0.39      0.38        18
           1       0.00      0.00      0.00         6
           2       0.77      0.84      0.80        61

    accuracy                           0.68        85
   macro avg       0.38      0.41      0.39        85
weighted avg       0.63      0.68      0.66        85


Confusion Matrix - Landscape:
[[ 1  0  0  1  3]
 [ 1  0  0  0  3]
 [ 0  0  0  0  1]
 [ 1  0  0  2 17]
 [ 0  0  0  3 52]]
Classification Report - Landscape:
              precision    recall  f1-score   support

           0       0.33      0.20      0.25         5
           1       0.00      0.00      0.00         4
           3       0.00      0.00      0.00         1
           6       0.33      0.10      0.15        20
           7       0.68      0.95      0.79        55

    accuracy                           0.65        85
   macro avg       0.27      0.25      0.24        85
weighted avg       0.54      0.65      0.56        85

