El DataFrame tiene 308 filas.
El DataFrame tiene 538 filas.
El DataFrame de agreed tiene 842 filas.
Etiquetas únicas en nature_visual:
['No' 'Yes']
------
nature_visual
No     572
Yes    270
Name: count, dtype: int64
Etiquetas únicas en nep_materiality_visual:
[nan 'material' 'immaterial']
------
nep_materiality_visual
material      159
immaterial    111
Name: count, dtype: int64
Etiquetas únicas en nep_biological_visual:
[nan 'biotic' 'abiotic']
------
nep_biological_visual
biotic     227
abiotic     43
Name: count, dtype: int64
Etiquetas únicas en landscape-type_visual:
[nan 'artificial_surfaces' 'forest_and_seminatural_areas' 'water_bodies'
 'other' 'none' 'wetlands' 'agricultural_areas']
------
landscape-type_visual
none                            209
artificial_surfaces              64
forest_and_seminatural_areas     19
water_bodies                      6
other                             3
wetlands                          1
agricultural_areas                1
Name: count, dtype: int64
Total de imágenes: 842
Total de batches: 27
Epoch 1/10, Loss: 4.1597
Epoch 2/10, Loss: 2.6181
Epoch 3/10, Loss: 2.1906
Epoch 4/10, Loss: 1.8496
Epoch 5/10, Loss: 1.6912
Epoch 6/10, Loss: 1.4597
Epoch 7/10, Loss: 1.3710
Epoch 8/10, Loss: 1.1542
Epoch 9/10, Loss: 1.1360
Epoch 10/10, Loss: 0.9741
Test Loss: 3.4593
Accuracy por tarea:
  Nature: 80.00%
  Materiality: 75.29%
  Biological: 80.00%
  Landscape: 63.53%

Confusion Matrix - Nature:
[[56  4]
 [13 12]]
Classification Report - Nature:
              precision    recall  f1-score   support

           0       0.81      0.93      0.87        60
           1       0.75      0.48      0.59        25

    accuracy                           0.80        85
   macro avg       0.78      0.71      0.73        85
weighted avg       0.79      0.80      0.79        85


Confusion Matrix - Materiality:
[[ 4  2  6]
 [ 3  3  7]
 [ 2  1 57]]
Classification Report - Materiality:
              precision    recall  f1-score   support

           0       0.44      0.33      0.38        12
           1       0.50      0.23      0.32        13
           2       0.81      0.95      0.88        60

    accuracy                           0.75        85
   macro avg       0.59      0.50      0.52        85
weighted avg       0.71      0.75      0.72        85


Confusion Matrix - Biological:
[[ 8  1  9]
 [ 0  3  4]
 [ 2  1 57]]
Classification Report - Biological:
              precision    recall  f1-score   support

           0       0.80      0.44      0.57        18
           1       0.60      0.43      0.50         7
           2       0.81      0.95      0.88        60

    accuracy                           0.80        85
   macro avg       0.74      0.61      0.65        85
weighted avg       0.79      0.80      0.78        85


Confusion Matrix - Landscape:
[[ 0  0  0  0  0  2]
 [ 1  1  0  0  1  1]
 [ 1  0  0  0  0  0]
 [ 0  1  0  0  0  0]
 [ 0  0  0  0  6 13]
 [ 0  0  0  0 11 47]]
Classification Report - Landscape:
              precision    recall  f1-score   support

           0       0.00      0.00      0.00         2
           1       0.50      0.25      0.33         4
           2       0.00      0.00      0.00         1
           3       0.00      0.00      0.00         1
           6       0.33      0.32      0.32        19
           7       0.75      0.81      0.78        58

    accuracy                           0.64        85
   macro avg       0.26      0.23      0.24        85
weighted avg       0.61      0.64      0.62        85

