El DataFrame tiene 308 filas.
El DataFrame tiene 538 filas.
El DataFrame de agreed tiene 842 filas.

Etiquetas únicas en nature_visual:
['No' 'Yes']
------
nature_visual
No     572
Yes    270
Name: count, dtype: int64
Etiquetas únicas en nep_materiality_visual:
[nan 'material' 'immaterial']
------
nep_materiality_visual
material      159
immaterial    111
Name: count, dtype: int64
Etiquetas únicas en nep_biological_visual:
[nan 'biotic' 'abiotic']
------
nep_biological_visual
biotic     227
abiotic     43
Name: count, dtype: int64
Etiquetas únicas en landscape-type_visual:
[nan 'artificial_surfaces' 'forest_and_seminatural_areas' 'water_bodies'
 'other' 'none' 'wetlands' 'agricultural_areas']
------
landscape-type_visual
none                            209
artificial_surfaces              64
forest_and_seminatural_areas     19
water_bodies                      6
other                             3
wetlands                          1
agricultural_areas                1
Name: count, dtype: int64

Total de imágenes: 842
Epoch 1/10, Loss: 4.0831
Epoch 2/10, Loss: 2.6994
Epoch 3/10, Loss: 2.1935
Epoch 4/10, Loss: 1.9273
Epoch 5/10, Loss: 1.6644
Epoch 6/10, Loss: 1.4618
Epoch 7/10, Loss: 1.3290
Epoch 8/10, Loss: 1.2208
Epoch 9/10, Loss: 1.1013
Epoch 10/10, Loss: 0.9936
GradCAM output saved to /fhome/pfeliu/tfg_feliu/TFG-Interpretability-Techniques-in-Social-Media-Images/output/grad_cam/1663712898646982657_0_gradcam.png
GradCAM output saved to /fhome/pfeliu/tfg_feliu/TFG-Interpretability-Techniques-in-Social-Media-Images/output/grad_cam/1484919785347497993_1_gradcam.png
GradCAM output saved to /fhome/pfeliu/tfg_feliu/TFG-Interpretability-Techniques-in-Social-Media-Images/output/grad_cam/1570080933864169475_0_gradcam.png
GradCAM output saved to /fhome/pfeliu/tfg_feliu/TFG-Interpretability-Techniques-in-Social-Media-Images/output/grad_cam/1558605317952352256_0_gradcam.png
GradCAM output saved to /fhome/pfeliu/tfg_feliu/TFG-Interpretability-Techniques-in-Social-Media-Images/output/grad_cam/1504398133136084994_2_gradcam.png
GradCAM output saved to /fhome/pfeliu/tfg_feliu/TFG-Interpretability-Techniques-in-Social-Media-Images/output/grad_cam/1479634962206711809_0_gradcam.png
GradCAM output saved to /fhome/pfeliu/tfg_feliu/TFG-Interpretability-Techniques-in-Social-Media-Images/output/grad_cam/1716757422398968236_0_gradcam.png
GradCAM output saved to /fhome/pfeliu/tfg_feliu/TFG-Interpretability-Techniques-in-Social-Media-Images/output/grad_cam/1604507781058375684_1_gradcam.png
GradCAM output saved to /fhome/pfeliu/tfg_feliu/TFG-Interpretability-Techniques-in-Social-Media-Images/output/grad_cam/1696614696952992107_0_gradcam.png
GradCAM output saved to /fhome/pfeliu/tfg_feliu/TFG-Interpretability-Techniques-in-Social-Media-Images/output/grad_cam/1630495017520492546_0_gradcam.png
GradCAM output saved to /fhome/pfeliu/tfg_feliu/TFG-Interpretability-Techniques-in-Social-Media-Images/output/grad_cam/1739346266054676918_2_gradcam.png
GradCAM output saved to /fhome/pfeliu/tfg_feliu/TFG-Interpretability-Techniques-in-Social-Media-Images/output/grad_cam/1636534815007834113_0_gradcam.png
GradCAM output saved to /fhome/pfeliu/tfg_feliu/TFG-Interpretability-Techniques-in-Social-Media-Images/output/grad_cam/1621571216459939841_0_gradcam.png
GradCAM output saved to /fhome/pfeliu/tfg_feliu/TFG-Interpretability-Techniques-in-Social-Media-Images/output/grad_cam/1713073145815646692_0_gradcam.png
GradCAM output saved to /fhome/pfeliu/tfg_feliu/TFG-Interpretability-Techniques-in-Social-Media-Images/output/grad_cam/1594240124967342082_0_gradcam.png
