El DataFrame tiene 308 filas.
El DataFrame tiene 538 filas.
El DataFrame de agreed tiene 842 filas.

Etiquetas únicas en nature_visual:
['No' 'Yes']
------
nature_visual
No     572
Yes    270
Name: count, dtype: int64
Etiquetas únicas en nep_materiality_visual:
[nan 'material' 'immaterial']
------
nep_materiality_visual
material      159
immaterial    111
Name: count, dtype: int64
Etiquetas únicas en nep_biological_visual:
[nan 'biotic' 'abiotic']
------
nep_biological_visual
biotic     227
abiotic     43
Name: count, dtype: int64
Etiquetas únicas en landscape-type_visual:
[nan 'artificial_surfaces' 'forest_and_seminatural_areas' 'water_bodies'
 'other' 'none' 'wetlands' 'agricultural_areas']
------
landscape-type_visual
none                            209
artificial_surfaces              64
forest_and_seminatural_areas     19
water_bodies                      6
other                             3
wetlands                          1
agricultural_areas                1
Name: count, dtype: int64

Total de imágenes: 842
Epoch 1/10, Loss: 4.3419
Epoch 2/10, Loss: 2.6899
Epoch 3/10, Loss: 2.2095
Epoch 4/10, Loss: 1.9396
Epoch 5/10, Loss: 1.6152
Epoch 6/10, Loss: 1.4035
Epoch 7/10, Loss: 1.3176
Epoch 8/10, Loss: 1.1601
Epoch 9/10, Loss: 1.0646
Epoch 10/10, Loss: 0.9808

grad cam ejecutado

shap ejecutado
LIME explanation saved to /fhome/pfeliu/tfg_feliu/TFG-Interpretability-Techniques-in-Social-Media-Images/output/lime/1727266670602006858_0_lime.png
LIME explanation saved to /fhome/pfeliu/tfg_feliu/TFG-Interpretability-Techniques-in-Social-Media-Images/output/lime/1644069463053029390_1_lime.png
LIME explanation saved to /fhome/pfeliu/tfg_feliu/TFG-Interpretability-Techniques-in-Social-Media-Images/output/lime/1534899111970889728_0_lime.png
LIME explanation saved to /fhome/pfeliu/tfg_feliu/TFG-Interpretability-Techniques-in-Social-Media-Images/output/lime/1505757087556681731_0_lime.png
LIME explanation saved to /fhome/pfeliu/tfg_feliu/TFG-Interpretability-Techniques-in-Social-Media-Images/output/lime/1604507781058375684_1_lime.png
LIME explanation saved to /fhome/pfeliu/tfg_feliu/TFG-Interpretability-Techniques-in-Social-Media-Images/output/lime/1641366653249232896_2_lime.png
LIME explanation saved to /fhome/pfeliu/tfg_feliu/TFG-Interpretability-Techniques-in-Social-Media-Images/output/lime/1492847019878191104_0_lime.png
LIME explanation saved to /fhome/pfeliu/tfg_feliu/TFG-Interpretability-Techniques-in-Social-Media-Images/output/lime/1623987135467642881_0_lime.png
LIME explanation saved to /fhome/pfeliu/tfg_feliu/TFG-Interpretability-Techniques-in-Social-Media-Images/output/lime/1684686096389599233_1_lime.png
LIME explanation saved to /fhome/pfeliu/tfg_feliu/TFG-Interpretability-Techniques-in-Social-Media-Images/output/lime/1696614696952992107_0_lime.png
LIME explanation saved to /fhome/pfeliu/tfg_feliu/TFG-Interpretability-Techniques-in-Social-Media-Images/output/lime/1576120731532144640_0_lime.png
LIME explanation saved to /fhome/pfeliu/tfg_feliu/TFG-Interpretability-Techniques-in-Social-Media-Images/output/lime/1725756721069510968_1_lime.png
LIME explanation saved to /fhome/pfeliu/tfg_feliu/TFG-Interpretability-Techniques-in-Social-Media-Images/output/lime/1561700714438696960_0_lime.png
LIME explanation saved to /fhome/pfeliu/tfg_feliu/TFG-Interpretability-Techniques-in-Social-Media-Images/output/lime/1722918016113943003_0_lime.png
LIME explanation saved to /fhome/pfeliu/tfg_feliu/TFG-Interpretability-Techniques-in-Social-Media-Images/output/lime/1642559513654861825_0_lime.png

lime ejecutado

Test Loss: 4.9352
Accuracy for nature_visual: 72.94%

Confusion Matrix - nature_visual:
[[56  2]
 [21  6]]

Classification Report - nature_visual:
              precision    recall  f1-score   support

           0       0.73      0.97      0.83        58
           1       0.75      0.22      0.34        27

    accuracy                           0.73        85
   macro avg       0.74      0.59      0.59        85
weighted avg       0.73      0.73      0.68        85

Accuracy for nep_materiality_visual: 55.29%

Confusion Matrix - nep_materiality_visual:
[[ 6  0 13]
 [ 3  0  5]
 [17  0 41]]

Classification Report - nep_materiality_visual:
              precision    recall  f1-score   support

           0       0.23      0.32      0.27        19
           1       0.00      0.00      0.00         8
           2       0.69      0.71      0.70        58

    accuracy                           0.55        85
   macro avg       0.31      0.34      0.32        85
weighted avg       0.53      0.55      0.54        85

Accuracy for nep_biological_visual: 65.88%

Confusion Matrix - nep_biological_visual:
[[12  0 11]
 [ 0  0  4]
 [14  0 44]]

Classification Report - nep_biological_visual:
              precision    recall  f1-score   support

           0       0.46      0.52      0.49        23
           1       0.00      0.00      0.00         4
           2       0.75      0.76      0.75        58

    accuracy                           0.66        85
   macro avg       0.40      0.43      0.41        85
weighted avg       0.63      0.66      0.65        85

Accuracy for landscape-type_visual: 61.18%

Confusion Matrix - landscape-type_visual:
[[ 0  0  0  0 10]
 [ 0  0  0  0  2]
 [ 0  0  0  0  2]
 [ 0  0  0  0 19]
 [ 0  0  0  0 52]]

Classification Report - landscape-type_visual:
              precision    recall  f1-score   support

           0       0.00      0.00      0.00        10
           1       0.00      0.00      0.00         2
           5       0.00      0.00      0.00         2
           6       0.00      0.00      0.00        19
           7       0.61      1.00      0.76        52

    accuracy                           0.61        85
   macro avg       0.12      0.20      0.15        85
weighted avg       0.37      0.61      0.46        85

