El DataFrame tiene 308 filas.
El DataFrame tiene 1143 filas.
El DataFrame de agreed tiene 1444 filas.

Etiquetas únicas en nature_visual:
['No' 'Yes']
------
nature_visual
No     941
Yes    503
Name: count, dtype: int64
Etiquetas únicas en nep_materiality_visual:
[nan 'material' 'immaterial']
------
nep_materiality_visual
material      279
immaterial    225
Name: count, dtype: int64
Etiquetas únicas en nep_biological_visual:
[nan 'biotic' 'abiotic']
------
nep_biological_visual
biotic     416
abiotic     87
Name: count, dtype: int64
Etiquetas únicas en landscape-type_visual:
[nan 'artificial_surfaces' 'forest_and_seminatural_areas' 'water_bodies'
 'other' 'none' 'agricultural_areas' 'wetlands']
------
landscape-type_visual
none                            279
artificial_surfaces             115
forest_and_seminatural_areas     46
water_bodies                     16
agricultural_areas                7
other                             4
wetlands                          1
Name: count, dtype: int64

Total de imágenes: 1444
Epoch 1/50, Loss: 3.3782
Epoch 2/50, Loss: 2.4850
Epoch 3/50, Loss: 2.1597
Epoch 4/50, Loss: 1.9050
Epoch 5/50, Loss: 1.7644
Epoch 6/50, Loss: 1.6078
Epoch 7/50, Loss: 1.4249
Epoch 8/50, Loss: 1.3021
Epoch 9/50, Loss: 1.2646
Epoch 10/50, Loss: 1.1550
Epoch 11/50, Loss: 1.0368
Epoch 12/50, Loss: 0.9403
Epoch 13/50, Loss: 0.9201
Epoch 14/50, Loss: 0.9998
Epoch 15/50, Loss: 0.8590
Epoch 16/50, Loss: 0.8293
Epoch 17/50, Loss: 0.7185
Epoch 18/50, Loss: 0.8239
Epoch 19/50, Loss: 0.7965
Epoch 20/50, Loss: 0.7158
Epoch 21/50, Loss: 0.6554
Epoch 22/50, Loss: 0.6179
Epoch 23/50, Loss: 0.5364
Epoch 24/50, Loss: 0.6280
Epoch 25/50, Loss: 0.6759
Epoch 26/50, Loss: 0.6193
Epoch 27/50, Loss: 0.5303
Epoch 28/50, Loss: 0.5353
Epoch 29/50, Loss: 0.5892
Epoch 30/50, Loss: 0.4751
Epoch 31/50, Loss: 0.5362
Epoch 32/50, Loss: 0.5345
Epoch 33/50, Loss: 0.5322
Epoch 34/50, Loss: 0.4920
Epoch 35/50, Loss: 0.5615
Epoch 36/50, Loss: 0.5144
Epoch 37/50, Loss: 0.4227
Epoch 38/50, Loss: 0.4402
Epoch 39/50, Loss: 0.4988
Epoch 40/50, Loss: 0.4662
Epoch 41/50, Loss: 0.4421
Epoch 42/50, Loss: 0.4274
Epoch 43/50, Loss: 0.5161
Epoch 44/50, Loss: 0.4638
Epoch 45/50, Loss: 0.4849
Epoch 46/50, Loss: 0.4213
Epoch 47/50, Loss: 0.4123
Epoch 48/50, Loss: 0.4116
Epoch 49/50, Loss: 0.4387
Epoch 50/50, Loss: 0.3850

grad cam ejecutado

shap ejecutado

lime ejecutado

Test Loss: 4.4487
Accuracy for nature_visual: 75.86%

Confusion Matrix - nature_visual:
[[89 14]
 [21 21]]

Classification Report - nature_visual:
              precision    recall  f1-score   support

           0       0.81      0.86      0.84       103
           1       0.60      0.50      0.55        42

    accuracy                           0.76       145
   macro avg       0.70      0.68      0.69       145
weighted avg       0.75      0.76      0.75       145

Accuracy for nep_materiality_visual: 72.41%

Confusion Matrix - nep_materiality_visual:
[[11  2 11]
 [ 1  7 10]
 [ 8  8 87]]

Classification Report - nep_materiality_visual:
              precision    recall  f1-score   support

           0       0.55      0.46      0.50        24
           1       0.41      0.39      0.40        18
           2       0.81      0.84      0.82       103

    accuracy                           0.72       145
   macro avg       0.59      0.56      0.57       145
weighted avg       0.71      0.72      0.72       145

Accuracy for nep_biological_visual: 75.17%

Confusion Matrix - nep_biological_visual:
[[15  1 21]
 [ 1  4  0]
 [ 9  4 90]]

Classification Report - nep_biological_visual:
              precision    recall  f1-score   support

           0       0.60      0.41      0.48        37
           1       0.44      0.80      0.57         5
           2       0.81      0.87      0.84       103

    accuracy                           0.75       145
   macro avg       0.62      0.69      0.63       145
weighted avg       0.74      0.75      0.74       145

Accuracy for landscape-type_visual: 67.59%

Confusion Matrix - landscape-type_visual:
[[ 4  1  0  0  1  6]
 [ 0  1  0  0  1  1]
 [ 0  0  0  0  0  1]
 [ 0  1  0  0  0  1]
 [ 2  0  0  0  6 17]
 [ 0  1  0  1 13 87]]

Classification Report - landscape-type_visual:
              precision    recall  f1-score   support

           0       0.67      0.33      0.44        12
           1       0.25      0.33      0.29         3
           3       0.00      0.00      0.00         1
           4       0.00      0.00      0.00         2
           6       0.29      0.24      0.26        25
           7       0.77      0.85      0.81       102

    accuracy                           0.68       145
   macro avg       0.33      0.29      0.30       145
weighted avg       0.65      0.68      0.66       145

