El DataFrame tiene 308 filas.
El DataFrame tiene 1143 filas.
El DataFrame de agreed tiene 1444 filas.

Etiquetas únicas en nature_visual:
['No' 'Yes']
------
nature_visual
No     941
Yes    503
Name: count, dtype: int64
Etiquetas únicas en nep_materiality_visual:
[nan 'material' 'immaterial']
------
nep_materiality_visual
material      279
immaterial    225
Name: count, dtype: int64
Etiquetas únicas en nep_biological_visual:
[nan 'biotic' 'abiotic']
------
nep_biological_visual
biotic     416
abiotic     87
Name: count, dtype: int64
Etiquetas únicas en landscape-type_visual:
[nan 'artificial_surfaces' 'forest_and_seminatural_areas' 'water_bodies'
 'other' 'none' 'agricultural_areas' 'wetlands']
------
landscape-type_visual
none                            279
artificial_surfaces             115
forest_and_seminatural_areas     46
water_bodies                     16
agricultural_areas                7
other                             4
wetlands                          1
Name: count, dtype: int64

Total de imágenes: 1444
Epoch 1/5, Loss: 3.5244
Epoch 2/5, Loss: 2.4080
Epoch 3/5, Loss: 2.1831
Epoch 4/5, Loss: 1.9827
Epoch 5/5, Loss: 1.8291

grad cam ejecutado
SHAP output saved to /fhome/pfeliu/tfg_feliu/TFG-Interpretability-Techniques-in-Social-Media-Images/output/shap/1557170866152214530_1_shap.png
SHAP output saved to /fhome/pfeliu/tfg_feliu/TFG-Interpretability-Techniques-in-Social-Media-Images/output/shap/1535050106872922117_0_shap.png
SHAP output saved to /fhome/pfeliu/tfg_feliu/TFG-Interpretability-Techniques-in-Social-Media-Images/output/shap/1477219043216142337_1_shap.png
SHAP output saved to /fhome/pfeliu/tfg_feliu/TFG-Interpretability-Techniques-in-Social-Media-Images/output/shap/1477219043216142337_0_shap.png
SHAP output saved to /fhome/pfeliu/tfg_feliu/TFG-Interpretability-Techniques-in-Social-Media-Images/output/shap/1670824760396095489_1_shap.png
SHAP output saved to /fhome/pfeliu/tfg_feliu/TFG-Interpretability-Techniques-in-Social-Media-Images/output/shap/1558605317952352256_0_shap.png
SHAP output saved to /fhome/pfeliu/tfg_feliu/TFG-Interpretability-Techniques-in-Social-Media-Images/output/shap/1736634900202012900_0_shap.png
SHAP output saved to /fhome/pfeliu/tfg_feliu/TFG-Interpretability-Techniques-in-Social-Media-Images/output/shap/1688309974970122240_0_shap.png
SHAP output saved to /fhome/pfeliu/tfg_feliu/TFG-Interpretability-Techniques-in-Social-Media-Images/output/shap/1670824760396095489_0_shap.png
SHAP output saved to /fhome/pfeliu/tfg_feliu/TFG-Interpretability-Techniques-in-Social-Media-Images/output/shap/1485976750031257600_0_shap.png
SHAP output saved to /fhome/pfeliu/tfg_feliu/TFG-Interpretability-Techniques-in-Social-Media-Images/output/shap/1502737188764762114_0_shap.png
SHAP output saved to /fhome/pfeliu/tfg_feliu/TFG-Interpretability-Techniques-in-Social-Media-Images/output/shap/1481144911869411332_0_shap.png
SHAP output saved to /fhome/pfeliu/tfg_feliu/TFG-Interpretability-Techniques-in-Social-Media-Images/output/shap/1639690609353977858_0_shap.png
SHAP output saved to /fhome/pfeliu/tfg_feliu/TFG-Interpretability-Techniques-in-Social-Media-Images/output/shap/1483032348711337987_0_shap.png
SHAP output saved to /fhome/pfeliu/tfg_feliu/TFG-Interpretability-Techniques-in-Social-Media-Images/output/shap/1702352504875258132_0_shap.png

shap ejecutado

lime ejecutado

Test Loss: 2.7431
Accuracy for nature_visual: 77.24%

Confusion Matrix - nature_visual:
[[79 10]
 [23 33]]

Classification Report - nature_visual:
              precision    recall  f1-score   support

           0       0.77      0.89      0.83        89
           1       0.77      0.59      0.67        56

    accuracy                           0.77       145
   macro avg       0.77      0.74      0.75       145
weighted avg       0.77      0.77      0.77       145

Accuracy for nep_materiality_visual: 76.55%

Confusion Matrix - nep_materiality_visual:
[[20  0 12]
 [ 1  9 14]
 [ 3  4 82]]

Classification Report - nep_materiality_visual:
              precision    recall  f1-score   support

           0       0.83      0.62      0.71        32
           1       0.69      0.38      0.49        24
           2       0.76      0.92      0.83        89

    accuracy                           0.77       145
   macro avg       0.76      0.64      0.68       145
weighted avg       0.76      0.77      0.75       145

Accuracy for nep_biological_visual: 75.17%

Confusion Matrix - nep_biological_visual:
[[28  0 22]
 [ 2  1  3]
 [ 9  0 80]]

Classification Report - nep_biological_visual:
              precision    recall  f1-score   support

           0       0.72      0.56      0.63        50
           1       1.00      0.17      0.29         6
           2       0.76      0.90      0.82        89

    accuracy                           0.75       145
   macro avg       0.83      0.54      0.58       145
weighted avg       0.76      0.75      0.74       145

Accuracy for landscape-type_visual: 71.72%

Confusion Matrix - landscape-type_visual:
[[ 6  2  0  0  9]
 [ 3  0  0  1  1]
 [ 0  0  0  0  1]
 [ 1  1  0  2 14]
 [ 5  0  0  3 96]]

Classification Report - landscape-type_visual:
              precision    recall  f1-score   support

           0       0.40      0.35      0.38        17
           1       0.00      0.00      0.00         5
           5       0.00      0.00      0.00         1
           6       0.33      0.11      0.17        18
           7       0.79      0.92      0.85       104

    accuracy                           0.72       145
   macro avg       0.31      0.28      0.28       145
weighted avg       0.66      0.72      0.68       145

