El DataFrame tiene 308 filas.
El DataFrame tiene 1143 filas.
El DataFrame de agreed tiene 1444 filas.

Etiquetas únicas en nature_visual:
['No' 'Yes']
------
nature_visual
No     941
Yes    503
Name: count, dtype: int64
Etiquetas únicas en nep_materiality_visual:
[nan 'material' 'immaterial']
------
nep_materiality_visual
material      279
immaterial    225
Name: count, dtype: int64
Etiquetas únicas en nep_biological_visual:
[nan 'biotic' 'abiotic']
------
nep_biological_visual
biotic     416
abiotic     87
Name: count, dtype: int64
Etiquetas únicas en landscape-type_visual:
[nan 'artificial_surfaces' 'forest_and_seminatural_areas' 'water_bodies'
 'other' 'none' 'agricultural_areas' 'wetlands']
------
landscape-type_visual
none                            279
artificial_surfaces             115
forest_and_seminatural_areas     46
water_bodies                     16
agricultural_areas                7
other                             4
wetlands                          1
Name: count, dtype: int64

Total de imágenes: 1444
Epoch 1/5, Loss: 3.8006
Epoch 2/5, Loss: 2.5250
Epoch 3/5, Loss: 2.2036
Epoch 4/5, Loss: 1.9070
Epoch 5/5, Loss: 1.7722

grad cam ejecutado
SHAP output saved to /fhome/pfeliu/tfg_feliu/TFG-Interpretability-Techniques-in-Social-Media-Images/output/shap_all/1635477850793947136_2_shap_nature_visual.png
SHAP output saved to /fhome/pfeliu/tfg_feliu/TFG-Interpretability-Techniques-in-Social-Media-Images/output/shap_all/1635477850793947136_2_shap_nep_materiality_visual.png
SHAP output saved to /fhome/pfeliu/tfg_feliu/TFG-Interpretability-Techniques-in-Social-Media-Images/output/shap_all/1635477850793947136_2_shap_nep_biological_visual.png
SHAP output saved to /fhome/pfeliu/tfg_feliu/TFG-Interpretability-Techniques-in-Social-Media-Images/output/shap_all/1635477850793947136_2_shap_landscape-type_visual.png
SHAP output saved to /fhome/pfeliu/tfg_feliu/TFG-Interpretability-Techniques-in-Social-Media-Images/output/shap_all/1584274458646261760_0_shap_nature_visual.png
SHAP output saved to /fhome/pfeliu/tfg_feliu/TFG-Interpretability-Techniques-in-Social-Media-Images/output/shap_all/1584274458646261760_0_shap_nep_materiality_visual.png
SHAP output saved to /fhome/pfeliu/tfg_feliu/TFG-Interpretability-Techniques-in-Social-Media-Images/output/shap_all/1584274458646261760_0_shap_nep_biological_visual.png
SHAP output saved to /fhome/pfeliu/tfg_feliu/TFG-Interpretability-Techniques-in-Social-Media-Images/output/shap_all/1584274458646261760_0_shap_landscape-type_visual.png
SHAP output saved to /fhome/pfeliu/tfg_feliu/TFG-Interpretability-Techniques-in-Social-Media-Images/output/shap_all/1577932670155251715_0_shap_nature_visual.png
SHAP output saved to /fhome/pfeliu/tfg_feliu/TFG-Interpretability-Techniques-in-Social-Media-Images/output/shap_all/1577932670155251715_0_shap_nep_materiality_visual.png
SHAP output saved to /fhome/pfeliu/tfg_feliu/TFG-Interpretability-Techniques-in-Social-Media-Images/output/shap_all/1577932670155251715_0_shap_nep_biological_visual.png
SHAP output saved to /fhome/pfeliu/tfg_feliu/TFG-Interpretability-Techniques-in-Social-Media-Images/output/shap_all/1577932670155251715_0_shap_landscape-type_visual.png
SHAP output saved to /fhome/pfeliu/tfg_feliu/TFG-Interpretability-Techniques-in-Social-Media-Images/output/shap_all/1629120963622375431_0_shap_nature_visual.png
SHAP output saved to /fhome/pfeliu/tfg_feliu/TFG-Interpretability-Techniques-in-Social-Media-Images/output/shap_all/1629120963622375431_0_shap_nep_materiality_visual.png
SHAP output saved to /fhome/pfeliu/tfg_feliu/TFG-Interpretability-Techniques-in-Social-Media-Images/output/shap_all/1629120963622375431_0_shap_nep_biological_visual.png
SHAP output saved to /fhome/pfeliu/tfg_feliu/TFG-Interpretability-Techniques-in-Social-Media-Images/output/shap_all/1629120963622375431_0_shap_landscape-type_visual.png
SHAP output saved to /fhome/pfeliu/tfg_feliu/TFG-Interpretability-Techniques-in-Social-Media-Images/output/shap_all/1720351102149816720_0_shap_nature_visual.png
SHAP output saved to /fhome/pfeliu/tfg_feliu/TFG-Interpretability-Techniques-in-Social-Media-Images/output/shap_all/1720351102149816720_0_shap_nep_materiality_visual.png
SHAP output saved to /fhome/pfeliu/tfg_feliu/TFG-Interpretability-Techniques-in-Social-Media-Images/output/shap_all/1720351102149816720_0_shap_nep_biological_visual.png
SHAP output saved to /fhome/pfeliu/tfg_feliu/TFG-Interpretability-Techniques-in-Social-Media-Images/output/shap_all/1720351102149816720_0_shap_landscape-type_visual.png
SHAP output saved to /fhome/pfeliu/tfg_feliu/TFG-Interpretability-Techniques-in-Social-Media-Images/output/shap_all/1517912180762497025_0_shap_nature_visual.png
SHAP output saved to /fhome/pfeliu/tfg_feliu/TFG-Interpretability-Techniques-in-Social-Media-Images/output/shap_all/1517912180762497025_0_shap_nep_materiality_visual.png
SHAP output saved to /fhome/pfeliu/tfg_feliu/TFG-Interpretability-Techniques-in-Social-Media-Images/output/shap_all/1517912180762497025_0_shap_nep_biological_visual.png
SHAP output saved to /fhome/pfeliu/tfg_feliu/TFG-Interpretability-Techniques-in-Social-Media-Images/output/shap_all/1517912180762497025_0_shap_landscape-type_visual.png
SHAP output saved to /fhome/pfeliu/tfg_feliu/TFG-Interpretability-Techniques-in-Social-Media-Images/output/shap_all/1635477850793947136_0_shap_nature_visual.png
SHAP output saved to /fhome/pfeliu/tfg_feliu/TFG-Interpretability-Techniques-in-Social-Media-Images/output/shap_all/1635477850793947136_0_shap_nep_materiality_visual.png
SHAP output saved to /fhome/pfeliu/tfg_feliu/TFG-Interpretability-Techniques-in-Social-Media-Images/output/shap_all/1635477850793947136_0_shap_nep_biological_visual.png
SHAP output saved to /fhome/pfeliu/tfg_feliu/TFG-Interpretability-Techniques-in-Social-Media-Images/output/shap_all/1635477850793947136_0_shap_landscape-type_visual.png
SHAP output saved to /fhome/pfeliu/tfg_feliu/TFG-Interpretability-Techniques-in-Social-Media-Images/output/shap_all/1639539614686797826_1_shap_nature_visual.png
SHAP output saved to /fhome/pfeliu/tfg_feliu/TFG-Interpretability-Techniques-in-Social-Media-Images/output/shap_all/1639539614686797826_1_shap_nep_materiality_visual.png
SHAP output saved to /fhome/pfeliu/tfg_feliu/TFG-Interpretability-Techniques-in-Social-Media-Images/output/shap_all/1639539614686797826_1_shap_nep_biological_visual.png
SHAP output saved to /fhome/pfeliu/tfg_feliu/TFG-Interpretability-Techniques-in-Social-Media-Images/output/shap_all/1639539614686797826_1_shap_landscape-type_visual.png
SHAP output saved to /fhome/pfeliu/tfg_feliu/TFG-Interpretability-Techniques-in-Social-Media-Images/output/shap_all/1561323226961219584_0_shap_nature_visual.png
SHAP output saved to /fhome/pfeliu/tfg_feliu/TFG-Interpretability-Techniques-in-Social-Media-Images/output/shap_all/1561323226961219584_0_shap_nep_materiality_visual.png
SHAP output saved to /fhome/pfeliu/tfg_feliu/TFG-Interpretability-Techniques-in-Social-Media-Images/output/shap_all/1561323226961219584_0_shap_nep_biological_visual.png
SHAP output saved to /fhome/pfeliu/tfg_feliu/TFG-Interpretability-Techniques-in-Social-Media-Images/output/shap_all/1561323226961219584_0_shap_landscape-type_visual.png
SHAP output saved to /fhome/pfeliu/tfg_feliu/TFG-Interpretability-Techniques-in-Social-Media-Images/output/shap_all/1560719247390547969_0_shap_nature_visual.png
SHAP output saved to /fhome/pfeliu/tfg_feliu/TFG-Interpretability-Techniques-in-Social-Media-Images/output/shap_all/1560719247390547969_0_shap_nep_materiality_visual.png
SHAP output saved to /fhome/pfeliu/tfg_feliu/TFG-Interpretability-Techniques-in-Social-Media-Images/output/shap_all/1560719247390547969_0_shap_nep_biological_visual.png
SHAP output saved to /fhome/pfeliu/tfg_feliu/TFG-Interpretability-Techniques-in-Social-Media-Images/output/shap_all/1560719247390547969_0_shap_landscape-type_visual.png
SHAP output saved to /fhome/pfeliu/tfg_feliu/TFG-Interpretability-Techniques-in-Social-Media-Images/output/shap_all/1709751257098064319_1_shap_nature_visual.png
SHAP output saved to /fhome/pfeliu/tfg_feliu/TFG-Interpretability-Techniques-in-Social-Media-Images/output/shap_all/1709751257098064319_1_shap_nep_materiality_visual.png
SHAP output saved to /fhome/pfeliu/tfg_feliu/TFG-Interpretability-Techniques-in-Social-Media-Images/output/shap_all/1709751257098064319_1_shap_nep_biological_visual.png
SHAP output saved to /fhome/pfeliu/tfg_feliu/TFG-Interpretability-Techniques-in-Social-Media-Images/output/shap_all/1709751257098064319_1_shap_landscape-type_visual.png
SHAP output saved to /fhome/pfeliu/tfg_feliu/TFG-Interpretability-Techniques-in-Social-Media-Images/output/shap_all/1676985354279342081_0_shap_nature_visual.png
SHAP output saved to /fhome/pfeliu/tfg_feliu/TFG-Interpretability-Techniques-in-Social-Media-Images/output/shap_all/1676985354279342081_0_shap_nep_materiality_visual.png
SHAP output saved to /fhome/pfeliu/tfg_feliu/TFG-Interpretability-Techniques-in-Social-Media-Images/output/shap_all/1676985354279342081_0_shap_nep_biological_visual.png
SHAP output saved to /fhome/pfeliu/tfg_feliu/TFG-Interpretability-Techniques-in-Social-Media-Images/output/shap_all/1676985354279342081_0_shap_landscape-type_visual.png
SHAP output saved to /fhome/pfeliu/tfg_feliu/TFG-Interpretability-Techniques-in-Social-Media-Images/output/shap_all/1489600628737421314_0_shap_nature_visual.png
SHAP output saved to /fhome/pfeliu/tfg_feliu/TFG-Interpretability-Techniques-in-Social-Media-Images/output/shap_all/1489600628737421314_0_shap_nep_materiality_visual.png
SHAP output saved to /fhome/pfeliu/tfg_feliu/TFG-Interpretability-Techniques-in-Social-Media-Images/output/shap_all/1489600628737421314_0_shap_nep_biological_visual.png
SHAP output saved to /fhome/pfeliu/tfg_feliu/TFG-Interpretability-Techniques-in-Social-Media-Images/output/shap_all/1489600628737421314_0_shap_landscape-type_visual.png
SHAP output saved to /fhome/pfeliu/tfg_feliu/TFG-Interpretability-Techniques-in-Social-Media-Images/output/shap_all/1523649988617768962_0_shap_nature_visual.png
SHAP output saved to /fhome/pfeliu/tfg_feliu/TFG-Interpretability-Techniques-in-Social-Media-Images/output/shap_all/1523649988617768962_0_shap_nep_materiality_visual.png
SHAP output saved to /fhome/pfeliu/tfg_feliu/TFG-Interpretability-Techniques-in-Social-Media-Images/output/shap_all/1523649988617768962_0_shap_nep_biological_visual.png
SHAP output saved to /fhome/pfeliu/tfg_feliu/TFG-Interpretability-Techniques-in-Social-Media-Images/output/shap_all/1523649988617768962_0_shap_landscape-type_visual.png
SHAP output saved to /fhome/pfeliu/tfg_feliu/TFG-Interpretability-Techniques-in-Social-Media-Images/output/shap_all/1696977084835348930_0_shap_nature_visual.png
SHAP output saved to /fhome/pfeliu/tfg_feliu/TFG-Interpretability-Techniques-in-Social-Media-Images/output/shap_all/1696977084835348930_0_shap_nep_materiality_visual.png
SHAP output saved to /fhome/pfeliu/tfg_feliu/TFG-Interpretability-Techniques-in-Social-Media-Images/output/shap_all/1696977084835348930_0_shap_nep_biological_visual.png
SHAP output saved to /fhome/pfeliu/tfg_feliu/TFG-Interpretability-Techniques-in-Social-Media-Images/output/shap_all/1696977084835348930_0_shap_landscape-type_visual.png

shap ejecutado

lime ejecutado

Test Loss: 3.5233
Accuracy for nature_visual: 73.10%

Confusion Matrix - nature_visual:
[[86  2]
 [37 20]]

Classification Report - nature_visual:
              precision    recall  f1-score   support

           0       0.70      0.98      0.82        88
           1       0.91      0.35      0.51        57

    accuracy                           0.73       145
   macro avg       0.80      0.66      0.66       145
weighted avg       0.78      0.73      0.69       145

Accuracy for nep_materiality_visual: 71.72%

Confusion Matrix - nep_materiality_visual:
[[11  1 22]
 [ 1  9 14]
 [ 2  1 84]]

Classification Report - nep_materiality_visual:
              precision    recall  f1-score   support

           0       0.79      0.32      0.46        34
           1       0.82      0.38      0.51        24
           2       0.70      0.97      0.81        87

    accuracy                           0.72       145
   macro avg       0.77      0.55      0.59       145
weighted avg       0.74      0.72      0.68       145

Accuracy for nep_biological_visual: 71.72%

Confusion Matrix - nep_biological_visual:
[[17  1 30]
 [ 1  1  7]
 [ 2  0 86]]

Classification Report - nep_biological_visual:
              precision    recall  f1-score   support

           0       0.85      0.35      0.50        48
           1       0.50      0.11      0.18         9
           2       0.70      0.98      0.82        88

    accuracy                           0.72       145
   macro avg       0.68      0.48      0.50       145
weighted avg       0.74      0.72      0.67       145

Accuracy for landscape-type_visual: 68.28%

Confusion Matrix - landscape-type_visual:
[[ 1  1  0  0  0 11]
 [ 1  0  0  0  0  3]
 [ 0  0  0  0  0  1]
 [ 0  0  0  0  1  1]
 [ 0  0  0  0  4 23]
 [ 0  0  0  0  4 94]]

Classification Report - landscape-type_visual:
              precision    recall  f1-score   support

           0       0.50      0.08      0.13        13
           1       0.00      0.00      0.00         4
           3       0.00      0.00      0.00         1
           5       0.00      0.00      0.00         2
           6       0.44      0.15      0.22        27
           7       0.71      0.96      0.81        98

    accuracy                           0.68       145
   macro avg       0.28      0.20      0.19       145
weighted avg       0.61      0.68      0.60       145

