El DataFrame tiene 308 filas.
El DataFrame tiene 1143 filas.
El DataFrame de agreed tiene 1444 filas.

Etiquetas únicas en nature_visual:
['No' 'Yes']
------
nature_visual
No     941
Yes    503
Name: count, dtype: int64
Etiquetas únicas en nep_materiality_visual:
[nan 'material' 'immaterial']
------
nep_materiality_visual
material      279
immaterial    225
Name: count, dtype: int64
Etiquetas únicas en nep_biological_visual:
[nan 'biotic' 'abiotic']
------
nep_biological_visual
biotic     416
abiotic     87
Name: count, dtype: int64
Etiquetas únicas en landscape-type_visual:
[nan 'artificial_surfaces' 'forest_and_seminatural_areas' 'water_bodies'
 'other' 'none' 'agricultural_areas' 'wetlands']
------
landscape-type_visual
none                            279
artificial_surfaces             115
forest_and_seminatural_areas     46
water_bodies                     16
agricultural_areas                7
other                             4
wetlands                          1
Name: count, dtype: int64

Total de imágenes: 1444
Epoch 1/5, Loss: 3.6215
Epoch 2/5, Loss: 2.5665
Epoch 3/5, Loss: 2.2974
Epoch 4/5, Loss: 1.9719
Epoch 5/5, Loss: 1.7335

grad cam ejecutado
SHAP output saved to /fhome/pfeliu/tfg_feliu/TFG-Interpretability-Techniques-in-Social-Media-Images/output/shap_all/1570080933864169475_0_shap_nature_visual.png
SHAP output saved to /fhome/pfeliu/tfg_feliu/TFG-Interpretability-Techniques-in-Social-Media-Images/output/shap_all/1570080933864169475_0_shap_nep_materiality_visual.png
SHAP output saved to /fhome/pfeliu/tfg_feliu/TFG-Interpretability-Techniques-in-Social-Media-Images/output/shap_all/1570080933864169475_0_shap_nep_biological_visual.png
SHAP output saved to /fhome/pfeliu/tfg_feliu/TFG-Interpretability-Techniques-in-Social-Media-Images/output/shap_all/1570080933864169475_0_shap_landscape-type_visual.png
SHAP output saved to /fhome/pfeliu/tfg_feliu/TFG-Interpretability-Techniques-in-Social-Media-Images/output/shap_all/1632744842290941952_0_shap_nature_visual.png
SHAP output saved to /fhome/pfeliu/tfg_feliu/TFG-Interpretability-Techniques-in-Social-Media-Images/output/shap_all/1632744842290941952_0_shap_nep_materiality_visual.png
SHAP output saved to /fhome/pfeliu/tfg_feliu/TFG-Interpretability-Techniques-in-Social-Media-Images/output/shap_all/1632744842290941952_0_shap_nep_biological_visual.png
SHAP output saved to /fhome/pfeliu/tfg_feliu/TFG-Interpretability-Techniques-in-Social-Media-Images/output/shap_all/1632744842290941952_0_shap_landscape-type_visual.png
SHAP output saved to /fhome/pfeliu/tfg_feliu/TFG-Interpretability-Techniques-in-Social-Media-Images/output/shap_all/1702805489694711818_0_shap_nature_visual.png
SHAP output saved to /fhome/pfeliu/tfg_feliu/TFG-Interpretability-Techniques-in-Social-Media-Images/output/shap_all/1702805489694711818_0_shap_nep_materiality_visual.png
SHAP output saved to /fhome/pfeliu/tfg_feliu/TFG-Interpretability-Techniques-in-Social-Media-Images/output/shap_all/1702805489694711818_0_shap_nep_biological_visual.png
SHAP output saved to /fhome/pfeliu/tfg_feliu/TFG-Interpretability-Techniques-in-Social-Media-Images/output/shap_all/1702805489694711818_0_shap_landscape-type_visual.png
SHAP output saved to /fhome/pfeliu/tfg_feliu/TFG-Interpretability-Techniques-in-Social-Media-Images/output/shap_all/1490204608353882113_0_shap_nature_visual.png
SHAP output saved to /fhome/pfeliu/tfg_feliu/TFG-Interpretability-Techniques-in-Social-Media-Images/output/shap_all/1490204608353882113_0_shap_nep_materiality_visual.png
SHAP output saved to /fhome/pfeliu/tfg_feliu/TFG-Interpretability-Techniques-in-Social-Media-Images/output/shap_all/1490204608353882113_0_shap_nep_biological_visual.png
SHAP output saved to /fhome/pfeliu/tfg_feliu/TFG-Interpretability-Techniques-in-Social-Media-Images/output/shap_all/1490204608353882113_0_shap_landscape-type_visual.png
SHAP output saved to /fhome/pfeliu/tfg_feliu/TFG-Interpretability-Techniques-in-Social-Media-Images/output/shap_all/1509909448717910021_3_shap_nature_visual.png
SHAP output saved to /fhome/pfeliu/tfg_feliu/TFG-Interpretability-Techniques-in-Social-Media-Images/output/shap_all/1509909448717910021_3_shap_nep_materiality_visual.png
SHAP output saved to /fhome/pfeliu/tfg_feliu/TFG-Interpretability-Techniques-in-Social-Media-Images/output/shap_all/1509909448717910021_3_shap_nep_biological_visual.png
SHAP output saved to /fhome/pfeliu/tfg_feliu/TFG-Interpretability-Techniques-in-Social-Media-Images/output/shap_all/1509909448717910021_3_shap_landscape-type_visual.png
SHAP output saved to /fhome/pfeliu/tfg_feliu/TFG-Interpretability-Techniques-in-Social-Media-Images/output/shap_all/1617343357788758017_0_shap_nature_visual.png
SHAP output saved to /fhome/pfeliu/tfg_feliu/TFG-Interpretability-Techniques-in-Social-Media-Images/output/shap_all/1617343357788758017_0_shap_nep_materiality_visual.png
SHAP output saved to /fhome/pfeliu/tfg_feliu/TFG-Interpretability-Techniques-in-Social-Media-Images/output/shap_all/1617343357788758017_0_shap_nep_biological_visual.png
SHAP output saved to /fhome/pfeliu/tfg_feliu/TFG-Interpretability-Techniques-in-Social-Media-Images/output/shap_all/1617343357788758017_0_shap_landscape-type_visual.png
SHAP output saved to /fhome/pfeliu/tfg_feliu/TFG-Interpretability-Techniques-in-Social-Media-Images/output/shap_all/1720018913193259019_0_shap_nature_visual.png
SHAP output saved to /fhome/pfeliu/tfg_feliu/TFG-Interpretability-Techniques-in-Social-Media-Images/output/shap_all/1720018913193259019_0_shap_nep_materiality_visual.png
SHAP output saved to /fhome/pfeliu/tfg_feliu/TFG-Interpretability-Techniques-in-Social-Media-Images/output/shap_all/1720018913193259019_0_shap_nep_biological_visual.png
SHAP output saved to /fhome/pfeliu/tfg_feliu/TFG-Interpretability-Techniques-in-Social-Media-Images/output/shap_all/1720018913193259019_0_shap_landscape-type_visual.png
SHAP output saved to /fhome/pfeliu/tfg_feliu/TFG-Interpretability-Techniques-in-Social-Media-Images/output/shap_all/1706127378471440491_0_shap_nature_visual.png
SHAP output saved to /fhome/pfeliu/tfg_feliu/TFG-Interpretability-Techniques-in-Social-Media-Images/output/shap_all/1706127378471440491_0_shap_nep_materiality_visual.png
SHAP output saved to /fhome/pfeliu/tfg_feliu/TFG-Interpretability-Techniques-in-Social-Media-Images/output/shap_all/1706127378471440491_0_shap_nep_biological_visual.png
SHAP output saved to /fhome/pfeliu/tfg_feliu/TFG-Interpretability-Techniques-in-Social-Media-Images/output/shap_all/1706127378471440491_0_shap_landscape-type_visual.png
SHAP output saved to /fhome/pfeliu/tfg_feliu/TFG-Interpretability-Techniques-in-Social-Media-Images/output/shap_all/1578385655838773248_0_shap_nature_visual.png
SHAP output saved to /fhome/pfeliu/tfg_feliu/TFG-Interpretability-Techniques-in-Social-Media-Images/output/shap_all/1578385655838773248_0_shap_nep_materiality_visual.png
SHAP output saved to /fhome/pfeliu/tfg_feliu/TFG-Interpretability-Techniques-in-Social-Media-Images/output/shap_all/1578385655838773248_0_shap_nep_biological_visual.png
SHAP output saved to /fhome/pfeliu/tfg_feliu/TFG-Interpretability-Techniques-in-Social-Media-Images/output/shap_all/1578385655838773248_0_shap_landscape-type_visual.png
SHAP output saved to /fhome/pfeliu/tfg_feliu/TFG-Interpretability-Techniques-in-Social-Media-Images/output/shap_all/1504851118064644096_0_shap_nature_visual.png
SHAP output saved to /fhome/pfeliu/tfg_feliu/TFG-Interpretability-Techniques-in-Social-Media-Images/output/shap_all/1504851118064644096_0_shap_nep_materiality_visual.png
SHAP output saved to /fhome/pfeliu/tfg_feliu/TFG-Interpretability-Techniques-in-Social-Media-Images/output/shap_all/1504851118064644096_0_shap_nep_biological_visual.png
SHAP output saved to /fhome/pfeliu/tfg_feliu/TFG-Interpretability-Techniques-in-Social-Media-Images/output/shap_all/1504851118064644096_0_shap_landscape-type_visual.png
SHAP output saved to /fhome/pfeliu/tfg_feliu/TFG-Interpretability-Techniques-in-Social-Media-Images/output/shap_all/1496999380892545071_0_shap_nature_visual.png
SHAP output saved to /fhome/pfeliu/tfg_feliu/TFG-Interpretability-Techniques-in-Social-Media-Images/output/shap_all/1496999380892545071_0_shap_nep_materiality_visual.png
SHAP output saved to /fhome/pfeliu/tfg_feliu/TFG-Interpretability-Techniques-in-Social-Media-Images/output/shap_all/1496999380892545071_0_shap_nep_biological_visual.png
SHAP output saved to /fhome/pfeliu/tfg_feliu/TFG-Interpretability-Techniques-in-Social-Media-Images/output/shap_all/1496999380892545071_0_shap_landscape-type_visual.png
SHAP output saved to /fhome/pfeliu/tfg_feliu/TFG-Interpretability-Techniques-in-Social-Media-Images/output/shap_all/1547129701998673936_0_shap_nature_visual.png
SHAP output saved to /fhome/pfeliu/tfg_feliu/TFG-Interpretability-Techniques-in-Social-Media-Images/output/shap_all/1547129701998673936_0_shap_nep_materiality_visual.png
SHAP output saved to /fhome/pfeliu/tfg_feliu/TFG-Interpretability-Techniques-in-Social-Media-Images/output/shap_all/1547129701998673936_0_shap_nep_biological_visual.png
SHAP output saved to /fhome/pfeliu/tfg_feliu/TFG-Interpretability-Techniques-in-Social-Media-Images/output/shap_all/1547129701998673936_0_shap_landscape-type_visual.png
SHAP output saved to /fhome/pfeliu/tfg_feliu/TFG-Interpretability-Techniques-in-Social-Media-Images/output/shap_all/1599751440343654401_0_shap_nature_visual.png
SHAP output saved to /fhome/pfeliu/tfg_feliu/TFG-Interpretability-Techniques-in-Social-Media-Images/output/shap_all/1599751440343654401_0_shap_nep_materiality_visual.png
SHAP output saved to /fhome/pfeliu/tfg_feliu/TFG-Interpretability-Techniques-in-Social-Media-Images/output/shap_all/1599751440343654401_0_shap_nep_biological_visual.png
SHAP output saved to /fhome/pfeliu/tfg_feliu/TFG-Interpretability-Techniques-in-Social-Media-Images/output/shap_all/1599751440343654401_0_shap_landscape-type_visual.png
SHAP output saved to /fhome/pfeliu/tfg_feliu/TFG-Interpretability-Techniques-in-Social-Media-Images/output/shap_all/1484466800553336840_0_shap_nature_visual.png
SHAP output saved to /fhome/pfeliu/tfg_feliu/TFG-Interpretability-Techniques-in-Social-Media-Images/output/shap_all/1484466800553336840_0_shap_nep_materiality_visual.png
SHAP output saved to /fhome/pfeliu/tfg_feliu/TFG-Interpretability-Techniques-in-Social-Media-Images/output/shap_all/1484466800553336840_0_shap_nep_biological_visual.png
SHAP output saved to /fhome/pfeliu/tfg_feliu/TFG-Interpretability-Techniques-in-Social-Media-Images/output/shap_all/1484466800553336840_0_shap_landscape-type_visual.png
SHAP output saved to /fhome/pfeliu/tfg_feliu/TFG-Interpretability-Techniques-in-Social-Media-Images/output/shap_all/1510513428443533314_0_shap_nature_visual.png
SHAP output saved to /fhome/pfeliu/tfg_feliu/TFG-Interpretability-Techniques-in-Social-Media-Images/output/shap_all/1510513428443533314_0_shap_nep_materiality_visual.png
SHAP output saved to /fhome/pfeliu/tfg_feliu/TFG-Interpretability-Techniques-in-Social-Media-Images/output/shap_all/1510513428443533314_0_shap_nep_biological_visual.png
SHAP output saved to /fhome/pfeliu/tfg_feliu/TFG-Interpretability-Techniques-in-Social-Media-Images/output/shap_all/1510513428443533314_0_shap_landscape-type_visual.png

shap ejecutado

lime ejecutado

Test Loss: 2.6649
Accuracy for nature_visual: 77.93%

Confusion Matrix - nature_visual:
[[80 19]
 [13 33]]

Classification Report - nature_visual:
              precision    recall  f1-score   support

           0       0.86      0.81      0.83        99
           1       0.63      0.72      0.67        46

    accuracy                           0.78       145
   macro avg       0.75      0.76      0.75       145
weighted avg       0.79      0.78      0.78       145

Accuracy for nep_materiality_visual: 73.79%

Confusion Matrix - nep_materiality_visual:
[[18  3  8]
 [ 0  9  9]
 [12  6 80]]

Classification Report - nep_materiality_visual:
              precision    recall  f1-score   support

           0       0.60      0.62      0.61        29
           1       0.50      0.50      0.50        18
           2       0.82      0.82      0.82        98

    accuracy                           0.74       145
   macro avg       0.64      0.65      0.64       145
weighted avg       0.74      0.74      0.74       145

Accuracy for nep_biological_visual: 74.48%

Confusion Matrix - nep_biological_visual:
[[24  0 10]
 [ 5  3  4]
 [17  1 81]]

Classification Report - nep_biological_visual:
              precision    recall  f1-score   support

           0       0.52      0.71      0.60        34
           1       0.75      0.25      0.38        12
           2       0.85      0.82      0.84        99

    accuracy                           0.74       145
   macro avg       0.71      0.59      0.60       145
weighted avg       0.77      0.74      0.74       145

Accuracy for landscape-type_visual: 66.21%

Confusion Matrix - landscape-type_visual:
[[ 2  0  0  0  1  7]
 [ 1  1  0  0  0  0]
 [ 1  1  0  0  0  2]
 [ 1  0  0  0  0  0]
 [ 1  0  0  0  3 22]
 [ 4  0  0  0  8 90]]

Classification Report - landscape-type_visual:
              precision    recall  f1-score   support

           0       0.20      0.20      0.20        10
           1       0.50      0.50      0.50         2
           3       0.00      0.00      0.00         4
           4       0.00      0.00      0.00         1
           6       0.25      0.12      0.16        26
           7       0.74      0.88      0.81       102

    accuracy                           0.66       145
   macro avg       0.28      0.28      0.28       145
weighted avg       0.59      0.66      0.62       145

