El DataFrame tiene 308 filas.
El DataFrame tiene 1143 filas.
El DataFrame de agreed tiene 1444 filas.

Etiquetas únicas en nature_visual:
['No' 'Yes']
------
nature_visual
No     941
Yes    503
Name: count, dtype: int64
Etiquetas únicas en nep_materiality_visual:
[nan 'material' 'immaterial']
------
nep_materiality_visual
material      279
immaterial    225
Name: count, dtype: int64
Etiquetas únicas en nep_biological_visual:
[nan 'biotic' 'abiotic']
------
nep_biological_visual
biotic     416
abiotic     87
Name: count, dtype: int64
Etiquetas únicas en landscape-type_visual:
[nan 'artificial_surfaces' 'forest_and_seminatural_areas' 'water_bodies'
 'other' 'none' 'agricultural_areas' 'wetlands']
------
landscape-type_visual
none                            279
artificial_surfaces             115
forest_and_seminatural_areas     46
water_bodies                     16
agricultural_areas                7
other                             4
wetlands                          1
Name: count, dtype: int64

Total de imágenes: 1444
Epoch 1/10, Loss: 3.5035
Epoch 2/10, Loss: 2.5193
Epoch 3/10, Loss: 2.1072
Epoch 4/10, Loss: 1.9400
Epoch 5/10, Loss: 1.6929
Epoch 6/10, Loss: 1.5049
Epoch 7/10, Loss: 1.4384
Epoch 8/10, Loss: 1.3153
Epoch 9/10, Loss: 1.1390
Epoch 10/10, Loss: 1.1153

Starting SHAP analysis...
Preparing background samples for SHAP...
Initializing SHAP DeepExplainer...
