El DataFrame tiene 308 filas.
El DataFrame tiene 1143 filas.
El DataFrame de agreed tiene 1444 filas.

Etiquetas únicas en nature_visual:
['No' 'Yes']
------
nature_visual
No     941
Yes    503
Name: count, dtype: int64
Etiquetas únicas en nep_materiality_visual:
[nan 'material' 'immaterial']
------
nep_materiality_visual
material      279
immaterial    225
Name: count, dtype: int64
Etiquetas únicas en nep_biological_visual:
[nan 'biotic' 'abiotic']
------
nep_biological_visual
biotic     416
abiotic     87
Name: count, dtype: int64
Etiquetas únicas en landscape-type_visual:
[nan 'artificial_surfaces' 'forest_and_seminatural_areas' 'water_bodies'
 'other' 'none' 'agricultural_areas' 'wetlands']
------
landscape-type_visual
none                            279
artificial_surfaces             115
forest_and_seminatural_areas     46
water_bodies                     16
agricultural_areas                7
other                             4
wetlands                          1
Name: count, dtype: int64

Total de imágenes: 1444
Loading weights from /fhome/pfeliu/tfg_feliu/TFG-Interpretability-Techniques-in-Social-Media-Images/output/trained_model_test.pth
LIME explanation saved for 1605413750814789632_0, task 'nature_visual' at: /fhome/pfeliu/tfg_feliu/TFG-Interpretability-Techniques-in-Social-Media-Images/output/lime_all/nature_visual/1605413750814789632_0_lime_nature_visual.png
LIME explanation saved for 1605413750814789632_0, task 'nep_materiality_visual' at: /fhome/pfeliu/tfg_feliu/TFG-Interpretability-Techniques-in-Social-Media-Images/output/lime_all/nep_materiality_visual/1605413750814789632_0_lime_nep_materiality_visual.png
LIME explanation saved for 1605413750814789632_0, task 'nep_biological_visual' at: /fhome/pfeliu/tfg_feliu/TFG-Interpretability-Techniques-in-Social-Media-Images/output/lime_all/nep_biological_visual/1605413750814789632_0_lime_nep_biological_visual.png
LIME explanation saved for 1605413750814789632_0, task 'landscape-type_visual' at: /fhome/pfeliu/tfg_feliu/TFG-Interpretability-Techniques-in-Social-Media-Images/output/lime_all/landscape-type_visual/1605413750814789632_0_lime_landscape-type_visual.png
LIME explanation saved for 1617947337812504576_0, task 'nature_visual' at: /fhome/pfeliu/tfg_feliu/TFG-Interpretability-Techniques-in-Social-Media-Images/output/lime_all/nature_visual/1617947337812504576_0_lime_nature_visual.png
LIME explanation saved for 1617947337812504576_0, task 'nep_materiality_visual' at: /fhome/pfeliu/tfg_feliu/TFG-Interpretability-Techniques-in-Social-Media-Images/output/lime_all/nep_materiality_visual/1617947337812504576_0_lime_nep_materiality_visual.png
LIME explanation saved for 1617947337812504576_0, task 'nep_biological_visual' at: /fhome/pfeliu/tfg_feliu/TFG-Interpretability-Techniques-in-Social-Media-Images/output/lime_all/nep_biological_visual/1617947337812504576_0_lime_nep_biological_visual.png
LIME explanation saved for 1617947337812504576_0, task 'landscape-type_visual' at: /fhome/pfeliu/tfg_feliu/TFG-Interpretability-Techniques-in-Social-Media-Images/output/lime_all/landscape-type_visual/1617947337812504576_0_lime_landscape-type_visual.png
LIME explanation saved for 1633499816973180928_0, task 'nature_visual' at: /fhome/pfeliu/tfg_feliu/TFG-Interpretability-Techniques-in-Social-Media-Images/output/lime_all/nature_visual/1633499816973180928_0_lime_nature_visual.png
LIME explanation saved for 1633499816973180928_0, task 'nep_materiality_visual' at: /fhome/pfeliu/tfg_feliu/TFG-Interpretability-Techniques-in-Social-Media-Images/output/lime_all/nep_materiality_visual/1633499816973180928_0_lime_nep_materiality_visual.png
LIME explanation saved for 1633499816973180928_0, task 'nep_biological_visual' at: /fhome/pfeliu/tfg_feliu/TFG-Interpretability-Techniques-in-Social-Media-Images/output/lime_all/nep_biological_visual/1633499816973180928_0_lime_nep_biological_visual.png
LIME explanation saved for 1633499816973180928_0, task 'landscape-type_visual' at: /fhome/pfeliu/tfg_feliu/TFG-Interpretability-Techniques-in-Social-Media-Images/output/lime_all/landscape-type_visual/1633499816973180928_0_lime_landscape-type_visual.png
LIME explanation saved for 1612209529919242245_0, task 'nature_visual' at: /fhome/pfeliu/tfg_feliu/TFG-Interpretability-Techniques-in-Social-Media-Images/output/lime_all/nature_visual/1612209529919242245_0_lime_nature_visual.png
LIME explanation saved for 1612209529919242245_0, task 'nep_materiality_visual' at: /fhome/pfeliu/tfg_feliu/TFG-Interpretability-Techniques-in-Social-Media-Images/output/lime_all/nep_materiality_visual/1612209529919242245_0_lime_nep_materiality_visual.png
LIME explanation saved for 1612209529919242245_0, task 'nep_biological_visual' at: /fhome/pfeliu/tfg_feliu/TFG-Interpretability-Techniques-in-Social-Media-Images/output/lime_all/nep_biological_visual/1612209529919242245_0_lime_nep_biological_visual.png
LIME explanation saved for 1612209529919242245_0, task 'landscape-type_visual' at: /fhome/pfeliu/tfg_feliu/TFG-Interpretability-Techniques-in-Social-Media-Images/output/lime_all/landscape-type_visual/1612209529919242245_0_lime_landscape-type_visual.png
LIME explanation saved for 1503567660897943554_0, task 'nature_visual' at: /fhome/pfeliu/tfg_feliu/TFG-Interpretability-Techniques-in-Social-Media-Images/output/lime_all/nature_visual/1503567660897943554_0_lime_nature_visual.png
LIME explanation saved for 1503567660897943554_0, task 'nep_materiality_visual' at: /fhome/pfeliu/tfg_feliu/TFG-Interpretability-Techniques-in-Social-Media-Images/output/lime_all/nep_materiality_visual/1503567660897943554_0_lime_nep_materiality_visual.png
LIME explanation saved for 1503567660897943554_0, task 'nep_biological_visual' at: /fhome/pfeliu/tfg_feliu/TFG-Interpretability-Techniques-in-Social-Media-Images/output/lime_all/nep_biological_visual/1503567660897943554_0_lime_nep_biological_visual.png
LIME explanation saved for 1503567660897943554_0, task 'landscape-type_visual' at: /fhome/pfeliu/tfg_feliu/TFG-Interpretability-Techniques-in-Social-Media-Images/output/lime_all/landscape-type_visual/1503567660897943554_0_lime_landscape-type_visual.png
LIME explanation saved for 1571892873238581248_1, task 'nature_visual' at: /fhome/pfeliu/tfg_feliu/TFG-Interpretability-Techniques-in-Social-Media-Images/output/lime_all/nature_visual/1571892873238581248_1_lime_nature_visual.png
LIME explanation saved for 1571892873238581248_1, task 'nep_materiality_visual' at: /fhome/pfeliu/tfg_feliu/TFG-Interpretability-Techniques-in-Social-Media-Images/output/lime_all/nep_materiality_visual/1571892873238581248_1_lime_nep_materiality_visual.png
LIME explanation saved for 1571892873238581248_1, task 'nep_biological_visual' at: /fhome/pfeliu/tfg_feliu/TFG-Interpretability-Techniques-in-Social-Media-Images/output/lime_all/nep_biological_visual/1571892873238581248_1_lime_nep_biological_visual.png
LIME explanation saved for 1571892873238581248_1, task 'landscape-type_visual' at: /fhome/pfeliu/tfg_feliu/TFG-Interpretability-Techniques-in-Social-Media-Images/output/lime_all/landscape-type_visual/1571892873238581248_1_lime_landscape-type_visual.png
LIME explanation saved for 1582009534457208833_0, task 'nature_visual' at: /fhome/pfeliu/tfg_feliu/TFG-Interpretability-Techniques-in-Social-Media-Images/output/lime_all/nature_visual/1582009534457208833_0_lime_nature_visual.png
LIME explanation saved for 1582009534457208833_0, task 'nep_materiality_visual' at: /fhome/pfeliu/tfg_feliu/TFG-Interpretability-Techniques-in-Social-Media-Images/output/lime_all/nep_materiality_visual/1582009534457208833_0_lime_nep_materiality_visual.png
LIME explanation saved for 1582009534457208833_0, task 'nep_biological_visual' at: /fhome/pfeliu/tfg_feliu/TFG-Interpretability-Techniques-in-Social-Media-Images/output/lime_all/nep_biological_visual/1582009534457208833_0_lime_nep_biological_visual.png
LIME explanation saved for 1582009534457208833_0, task 'landscape-type_visual' at: /fhome/pfeliu/tfg_feliu/TFG-Interpretability-Techniques-in-Social-Media-Images/output/lime_all/landscape-type_visual/1582009534457208833_0_lime_landscape-type_visual.png
LIME explanation saved for 1527198369835126784_0, task 'nature_visual' at: /fhome/pfeliu/tfg_feliu/TFG-Interpretability-Techniques-in-Social-Media-Images/output/lime_all/nature_visual/1527198369835126784_0_lime_nature_visual.png
LIME explanation saved for 1527198369835126784_0, task 'nep_materiality_visual' at: /fhome/pfeliu/tfg_feliu/TFG-Interpretability-Techniques-in-Social-Media-Images/output/lime_all/nep_materiality_visual/1527198369835126784_0_lime_nep_materiality_visual.png
LIME explanation saved for 1527198369835126784_0, task 'nep_biological_visual' at: /fhome/pfeliu/tfg_feliu/TFG-Interpretability-Techniques-in-Social-Media-Images/output/lime_all/nep_biological_visual/1527198369835126784_0_lime_nep_biological_visual.png
LIME explanation saved for 1527198369835126784_0, task 'landscape-type_visual' at: /fhome/pfeliu/tfg_feliu/TFG-Interpretability-Techniques-in-Social-Media-Images/output/lime_all/landscape-type_visual/1527198369835126784_0_lime_landscape-type_visual.png
LIME explanation saved for 1507040544710610946_0, task 'nature_visual' at: /fhome/pfeliu/tfg_feliu/TFG-Interpretability-Techniques-in-Social-Media-Images/output/lime_all/nature_visual/1507040544710610946_0_lime_nature_visual.png
LIME explanation saved for 1507040544710610946_0, task 'nep_materiality_visual' at: /fhome/pfeliu/tfg_feliu/TFG-Interpretability-Techniques-in-Social-Media-Images/output/lime_all/nep_materiality_visual/1507040544710610946_0_lime_nep_materiality_visual.png
LIME explanation saved for 1507040544710610946_0, task 'nep_biological_visual' at: /fhome/pfeliu/tfg_feliu/TFG-Interpretability-Techniques-in-Social-Media-Images/output/lime_all/nep_biological_visual/1507040544710610946_0_lime_nep_biological_visual.png
LIME explanation saved for 1507040544710610946_0, task 'landscape-type_visual' at: /fhome/pfeliu/tfg_feliu/TFG-Interpretability-Techniques-in-Social-Media-Images/output/lime_all/landscape-type_visual/1507040544710610946_0_lime_landscape-type_visual.png
LIME explanation saved for 1655695067179528192_0, task 'nature_visual' at: /fhome/pfeliu/tfg_feliu/TFG-Interpretability-Techniques-in-Social-Media-Images/output/lime_all/nature_visual/1655695067179528192_0_lime_nature_visual.png
LIME explanation saved for 1655695067179528192_0, task 'nep_materiality_visual' at: /fhome/pfeliu/tfg_feliu/TFG-Interpretability-Techniques-in-Social-Media-Images/output/lime_all/nep_materiality_visual/1655695067179528192_0_lime_nep_materiality_visual.png
LIME explanation saved for 1655695067179528192_0, task 'nep_biological_visual' at: /fhome/pfeliu/tfg_feliu/TFG-Interpretability-Techniques-in-Social-Media-Images/output/lime_all/nep_biological_visual/1655695067179528192_0_lime_nep_biological_visual.png
LIME explanation saved for 1655695067179528192_0, task 'landscape-type_visual' at: /fhome/pfeliu/tfg_feliu/TFG-Interpretability-Techniques-in-Social-Media-Images/output/lime_all/landscape-type_visual/1655695067179528192_0_lime_landscape-type_visual.png

Test Loss: 0.4311
Accuracy for nature_visual: 97.24%

Confusion Matrix - nature_visual:
[[93  0]
 [ 4 48]]

Classification Report - nature_visual:
              precision    recall  f1-score   support

           0       0.96      1.00      0.98        93
           1       1.00      0.92      0.96        52

    accuracy                           0.97       145
   macro avg       0.98      0.96      0.97       145
weighted avg       0.97      0.97      0.97       145

Accuracy for nep_materiality_visual: 96.55%

Confusion Matrix - nep_materiality_visual:
[[24  0  3]
 [ 1 23  1]
 [ 0  0 93]]

Classification Report - nep_materiality_visual:
              precision    recall  f1-score   support

           0       0.96      0.89      0.92        27
           1       1.00      0.92      0.96        25
           2       0.96      1.00      0.98        93

    accuracy                           0.97       145
   macro avg       0.97      0.94      0.95       145
weighted avg       0.97      0.97      0.96       145

Accuracy for nep_biological_visual: 96.55%

Confusion Matrix - nep_biological_visual:
[[38  1  3]
 [ 0  9  1]
 [ 0  0 93]]

Classification Report - nep_biological_visual:
              precision    recall  f1-score   support

           0       1.00      0.90      0.95        42
           1       0.90      0.90      0.90        10
           2       0.96      1.00      0.98        93

    accuracy                           0.97       145
   macro avg       0.95      0.93      0.94       145
weighted avg       0.97      0.97      0.97       145

Accuracy for landscape-type_visual: 95.86%

Confusion Matrix - landscape-type_visual:
[[ 8  0  0  0  1]
 [ 0  4  0  0  0]
 [ 0  0  1  0  0]
 [ 0  0  0 33  2]
 [ 1  0  1  1 93]]

Classification Report - landscape-type_visual:
              precision    recall  f1-score   support

           0       0.89      0.89      0.89         9
           1       1.00      1.00      1.00         4
           3       0.50      1.00      0.67         1
           6       0.97      0.94      0.96        35
           7       0.97      0.97      0.97        96

    accuracy                           0.96       145
   macro avg       0.87      0.96      0.90       145
weighted avg       0.96      0.96      0.96       145

