El DataFrame tiene 308 filas.
El DataFrame tiene 1143 filas.
El DataFrame de agreed tiene 1444 filas.

Etiquetas únicas en nature_visual:
['No' 'Yes']
------
nature_visual
No     941
Yes    503
Name: count, dtype: int64
Etiquetas únicas en nep_materiality_visual:
[nan 'material' 'immaterial']
------
nep_materiality_visual
material      279
immaterial    225
Name: count, dtype: int64
Etiquetas únicas en nep_biological_visual:
[nan 'biotic' 'abiotic']
------
nep_biological_visual
biotic     416
abiotic     87
Name: count, dtype: int64
Etiquetas únicas en landscape-type_visual:
[nan 'artificial_surfaces' 'forest_and_seminatural_areas' 'water_bodies'
 'other' 'none' 'agricultural_areas' 'wetlands']
------
landscape-type_visual
none                            279
artificial_surfaces             115
forest_and_seminatural_areas     46
water_bodies                     16
agricultural_areas                7
other                             4
wetlands                          1
Name: count, dtype: int64

Total de imágenes: 1444
Loading weights from /fhome/pfeliu/tfg_feliu/TFG-Interpretability-Techniques-in-Social-Media-Images/output/trained_model_test.pth

→ Generating 30 SHAP overlays for 'nature_visual', saving to /fhome/pfeliu/tfg_feliu/TFG-Interpretability-Techniques-in-Social-Media-Images/output/SHAP/nature_visual
Saved 30 SHAP maps for 'nature_visual'.

→ Generating 30 SHAP overlays for 'nep_materiality_visual', saving to /fhome/pfeliu/tfg_feliu/TFG-Interpretability-Techniques-in-Social-Media-Images/output/SHAP/nep_materiality_visual
Saved 30 SHAP maps for 'nep_materiality_visual'.

→ Generating 30 SHAP overlays for 'nep_biological_visual', saving to /fhome/pfeliu/tfg_feliu/TFG-Interpretability-Techniques-in-Social-Media-Images/output/SHAP/nep_biological_visual
Saved 30 SHAP maps for 'nep_biological_visual'.

→ Generating 30 SHAP overlays for 'landscape-type_visual', saving to /fhome/pfeliu/tfg_feliu/TFG-Interpretability-Techniques-in-Social-Media-Images/output/SHAP/landscape-type_visual
Saved 30 SHAP maps for 'landscape-type_visual'.

 SHAP ejecutado

Test Loss: 0.3123
Accuracy for nature_visual: 99.31%

Confusion Matrix - nature_visual:
[[94  0]
 [ 1 50]]

Classification Report - nature_visual:
              precision    recall  f1-score   support

           0       0.99      1.00      0.99        94
           1       1.00      0.98      0.99        51

    accuracy                           0.99       145
   macro avg       0.99      0.99      0.99       145
weighted avg       0.99      0.99      0.99       145

Accuracy for nep_materiality_visual: 98.62%

Confusion Matrix - nep_materiality_visual:
[[32  0  1]
 [ 1 17  0]
 [ 0  0 94]]

Classification Report - nep_materiality_visual:
              precision    recall  f1-score   support

           0       0.97      0.97      0.97        33
           1       1.00      0.94      0.97        18
           2       0.99      1.00      0.99        94

    accuracy                           0.99       145
   macro avg       0.99      0.97      0.98       145
weighted avg       0.99      0.99      0.99       145

Accuracy for nep_biological_visual: 98.62%

Confusion Matrix - nep_biological_visual:
[[36  0  1]
 [ 1 13  0]
 [ 0  0 94]]

Classification Report - nep_biological_visual:
              precision    recall  f1-score   support

           0       0.97      0.97      0.97        37
           1       1.00      0.93      0.96        14
           2       0.99      1.00      0.99        94

    accuracy                           0.99       145
   macro avg       0.99      0.97      0.98       145
weighted avg       0.99      0.99      0.99       145

Accuracy for landscape-type_visual: 96.55%

Confusion Matrix - landscape-type_visual:
[[10  0  0  0  0  0  1]
 [ 0  8  0  0  0  0  0]
 [ 0  0  5  0  0  0  1]
 [ 0  0  0  1  0  0  0]
 [ 0  0  0  0  1  0  0]
 [ 0  0  0  0  0 21  2]
 [ 0  0  0  0  0  1 94]]

Classification Report - landscape-type_visual:
              precision    recall  f1-score   support

           0       1.00      0.91      0.95        11
           1       1.00      1.00      1.00         8
           3       1.00      0.83      0.91         6
           4       1.00      1.00      1.00         1
           5       1.00      1.00      1.00         1
           6       0.95      0.91      0.93        23
           7       0.96      0.99      0.97        95

    accuracy                           0.97       145
   macro avg       0.99      0.95      0.97       145
weighted avg       0.97      0.97      0.97       145

