El DataFrame tiene 303 filas.
El DataFrame tiene 1136 filas.
El DataFrame tiene 237 filas.
El DataFrame de agreed tiene 1669 filas.

Etiquetas únicas en nature_visual:
['No' 'Yes']
------
nature_visual
No     1084
Yes     585
Name: count, dtype: int64
Etiquetas únicas en nep_materiality_visual:
[nan 'material' 'immaterial']
------
nep_materiality_visual
material      314
immaterial    273
Name: count, dtype: int64
Etiquetas únicas en nep_biological_visual:
[nan 'biotic' 'abiotic']
------
nep_biological_visual
biotic     480
abiotic    105
Name: count, dtype: int64
Etiquetas únicas en landscape-type_visual:
[nan 'artificial_surfaces' 'forest_and_seminatural_areas' 'water_bodies'
 'other' 'none' 'agricultural_areas' 'wetlands']
------
landscape-type_visual
none                            493
artificial_surfaces             124
forest_and_seminatural_areas     45
water_bodies                     19
agricultural_areas                9
other                             4
wetlands                          1
Name: count, dtype: int64

Total de imágenes: 1669
Loading weights from /fhome/pfeliu/tfg_feliu/TFG-Interpretability-Techniques-in-Social-Media-Images/output/trained_model_test.pth
