El DataFrame tiene 303 filas.
El DataFrame tiene 1136 filas.
El DataFrame tiene 237 filas.
El DataFrame de agreed tiene 1669 filas.

Etiquetas únicas en nature_visual:
['No' 'Yes']
------
nature_visual
No     1084
Yes     585
Name: count, dtype: int64
Etiquetas únicas en nep_materiality_visual:
[nan 'material' 'immaterial']
------
nep_materiality_visual
material      314
immaterial    273
Name: count, dtype: int64
Etiquetas únicas en nep_biological_visual:
[nan 'biotic' 'abiotic']
------
nep_biological_visual
biotic     480
abiotic    105
Name: count, dtype: int64
Etiquetas únicas en landscape-type_visual:
[nan 'artificial_surfaces' 'forest_and_seminatural_areas' 'water_bodies'
 'other' 'none' 'agricultural_areas' 'wetlands']
------
landscape-type_visual
none                            493
artificial_surfaces             124
forest_and_seminatural_areas     45
water_bodies                     19
agricultural_areas                9
other                             4
wetlands                          1
Name: count, dtype: int64

Total de imágenes: 1669
Epoch 1/50, Loss: 4.0436
Epoch 2/50, Loss: 2.6599
Epoch 3/50, Loss: 2.3804
Epoch 4/50, Loss: 2.1823
Epoch 5/50, Loss: 1.9819
Epoch 6/50, Loss: 1.7955
Epoch 7/50, Loss: 1.6922
Epoch 8/50, Loss: 1.4964
Epoch 9/50, Loss: 1.3922
Epoch 10/50, Loss: 1.2893
Epoch 11/50, Loss: 1.2861
Epoch 12/50, Loss: 1.1741
Epoch 13/50, Loss: 1.1512
Epoch 14/50, Loss: 1.0528
Epoch 15/50, Loss: 0.9172
Epoch 16/50, Loss: 1.0037
Epoch 17/50, Loss: 0.9620
Epoch 18/50, Loss: 0.9426
Epoch 19/50, Loss: 0.9345
Epoch 20/50, Loss: 0.8368
Epoch 21/50, Loss: 0.8652
Epoch 22/50, Loss: 0.7462
Epoch 23/50, Loss: 0.8119
Epoch 24/50, Loss: 0.7274
Epoch 25/50, Loss: 0.6907
Epoch 26/50, Loss: 0.6606
Epoch 27/50, Loss: 0.6011
Epoch 28/50, Loss: 0.6379
Epoch 29/50, Loss: 0.6052
Epoch 30/50, Loss: 0.6267
Epoch 31/50, Loss: 0.6140
Epoch 32/50, Loss: 0.6694
Epoch 33/50, Loss: 0.6558
Epoch 34/50, Loss: 0.6568
Epoch 35/50, Loss: 0.6098
Epoch 36/50, Loss: 0.5101
Epoch 37/50, Loss: 0.4842
Epoch 38/50, Loss: 0.5408
Epoch 39/50, Loss: 0.4608
Epoch 40/50, Loss: 0.6193
Epoch 41/50, Loss: 0.5106
Epoch 42/50, Loss: 0.5730
Epoch 43/50, Loss: 0.4987
Epoch 44/50, Loss: 0.5790
Epoch 45/50, Loss: 0.5428
Epoch 46/50, Loss: 0.5135
Epoch 47/50, Loss: 0.4815
Epoch 48/50, Loss: 0.4364
Epoch 49/50, Loss: 0.5287
Epoch 50/50, Loss: 0.4677
Loading weights from /fhome/pfeliu/tfg_feliu/TFG-Interpretability-Techniques-in-Social-Media-Images/output/trained_{model}.pth

Test Loss: 5.2291
Accuracy for nature_visual: 69.46%

Confusion Matrix - nature_visual:
[[86 25]
 [26 30]]

Classification Report - nature_visual:
              precision    recall  f1-score   support

           0       0.77      0.77      0.77       111
           1       0.55      0.54      0.54        56

    accuracy                           0.69       167
   macro avg       0.66      0.66      0.66       167
weighted avg       0.69      0.69      0.69       167

Accuracy for nep_materiality_visual: 67.07%

Confusion Matrix - nep_materiality_visual:
[[16  0 10]
 [ 6  7 17]
 [13  9 89]]

Classification Report - nep_materiality_visual:
              precision    recall  f1-score   support

           0       0.46      0.62      0.52        26
           1       0.44      0.23      0.30        30
           2       0.77      0.80      0.78       111

    accuracy                           0.67       167
   macro avg       0.55      0.55      0.54       167
weighted avg       0.66      0.67      0.66       167

Accuracy for nep_biological_visual: 68.86%

Confusion Matrix - nep_biological_visual:
[[22  0 24]
 [ 1  4  5]
 [20  2 89]]

Classification Report - nep_biological_visual:
              precision    recall  f1-score   support

           0       0.51      0.48      0.49        46
           1       0.67      0.40      0.50        10
           2       0.75      0.80      0.78       111

    accuracy                           0.69       167
   macro avg       0.64      0.56      0.59       167
weighted avg       0.68      0.69      0.68       167

Accuracy for landscape-type_visual: 61.08%

Confusion Matrix - landscape-type_visual:
[[ 3  1  0  0  4  2]
 [ 0  2  0  0  1  2]
 [ 1  0  0  0  0  0]
 [ 0  0  0  0  0  1]
 [ 3  0  0  0 23 24]
 [ 3  0  1  0 22 74]]

Classification Report - landscape-type_visual:
              precision    recall  f1-score   support

           0       0.30      0.30      0.30        10
           1       0.67      0.40      0.50         5
           4       0.00      0.00      0.00         1
           5       0.00      0.00      0.00         1
           6       0.46      0.46      0.46        50
           7       0.72      0.74      0.73       100

    accuracy                           0.61       167
   macro avg       0.36      0.32      0.33       167
weighted avg       0.61      0.61      0.61       167

