El DataFrame tiene 303 filas.
El DataFrame tiene 1136 filas.
El DataFrame tiene 237 filas.
El DataFrame de agreed tiene 1669 filas.

Etiquetas únicas en nature_visual:
['No' 'Yes']
------
nature_visual
No     1084
Yes     585
Name: count, dtype: int64
Etiquetas únicas en nep_materiality_visual:
[nan 'material' 'immaterial']
------
nep_materiality_visual
material      314
immaterial    273
Name: count, dtype: int64
Etiquetas únicas en nep_biological_visual:
[nan 'biotic' 'abiotic']
------
nep_biological_visual
biotic     480
abiotic    105
Name: count, dtype: int64
Etiquetas únicas en landscape-type_visual:
[nan 'artificial_surfaces' 'forest_and_seminatural_areas' 'water_bodies'
 'other' 'none' 'agricultural_areas' 'wetlands']
------
landscape-type_visual
none                            493
artificial_surfaces             124
forest_and_seminatural_areas     45
water_bodies                     19
agricultural_areas                9
other                             4
wetlands                          1
Name: count, dtype: int64

Total de imágenes: 1669
Epoch 1/50, Loss: 3.3177
Epoch 2/50, Loss: 2.5787
Epoch 3/50, Loss: 2.2683
Epoch 4/50, Loss: 2.0346
Epoch 5/50, Loss: 1.8270
Epoch 6/50, Loss: 1.7885
Epoch 7/50, Loss: 1.5500
Epoch 8/50, Loss: 1.4510
Epoch 9/50, Loss: 1.2393
Epoch 10/50, Loss: 1.2514
Epoch 11/50, Loss: 1.1943
Epoch 12/50, Loss: 1.0140
Epoch 13/50, Loss: 0.9488
Epoch 14/50, Loss: 1.0226
Epoch 15/50, Loss: 0.8730
Epoch 16/50, Loss: 0.9003
Epoch 17/50, Loss: 0.8063
Epoch 18/50, Loss: 0.7883
Epoch 19/50, Loss: 0.7630
Epoch 20/50, Loss: 0.8036
Epoch 21/50, Loss: 0.7279
Epoch 22/50, Loss: 0.7039
Epoch 23/50, Loss: 0.7008
Epoch 24/50, Loss: 0.7056
Epoch 25/50, Loss: 0.7414
Epoch 26/50, Loss: 0.6960
Epoch 27/50, Loss: 0.7139
Epoch 28/50, Loss: 0.6039
Epoch 29/50, Loss: 0.6407
Epoch 30/50, Loss: 0.5879
Epoch 31/50, Loss: 0.5974
Epoch 32/50, Loss: 0.5592
Epoch 33/50, Loss: 0.5320
Epoch 34/50, Loss: 0.4942
Epoch 35/50, Loss: 0.5532
Epoch 36/50, Loss: 0.4834
Epoch 37/50, Loss: 0.5457
Epoch 38/50, Loss: 0.5556
Epoch 39/50, Loss: 0.6076
Epoch 40/50, Loss: 0.5529
Epoch 41/50, Loss: 0.5835
Epoch 42/50, Loss: 0.5078
Epoch 43/50, Loss: 0.4932
Epoch 44/50, Loss: 0.4920
Epoch 45/50, Loss: 0.4924
Epoch 46/50, Loss: 0.4424
Epoch 47/50, Loss: 0.4371
Epoch 48/50, Loss: 0.4138
Epoch 49/50, Loss: 0.5073
Epoch 50/50, Loss: 0.4881
Loading weights from /fhome/pfeliu/tfg_feliu/TFG-Interpretability-Techniques-in-Social-Media-Images/output/trained_ResNet50.pth

Test Loss: 4.2544
Accuracy for nature_visual: 79.04%

Confusion Matrix - nature_visual:
[[83 17]
 [18 49]]

Classification Report - nature_visual:
              precision    recall  f1-score   support

           0       0.82      0.83      0.83       100
           1       0.74      0.73      0.74        67

    accuracy                           0.79       167
   macro avg       0.78      0.78      0.78       167
weighted avg       0.79      0.79      0.79       167

Accuracy for nep_materiality_visual: 74.85%

Confusion Matrix - nep_materiality_visual:
[[24  7  9]
 [ 5 15  7]
 [ 3 11 86]]

Classification Report - nep_materiality_visual:
              precision    recall  f1-score   support

           0       0.75      0.60      0.67        40
           1       0.45      0.56      0.50        27
           2       0.84      0.86      0.85       100

    accuracy                           0.75       167
   macro avg       0.68      0.67      0.67       167
weighted avg       0.76      0.75      0.75       167

Accuracy for nep_biological_visual: 77.25%

Confusion Matrix - nep_biological_visual:
[[39  2 16]
 [ 3  3  4]
 [10  3 87]]

Classification Report - nep_biological_visual:
              precision    recall  f1-score   support

           0       0.75      0.68      0.72        57
           1       0.38      0.30      0.33        10
           2       0.81      0.87      0.84       100

    accuracy                           0.77       167
   macro avg       0.65      0.62      0.63       167
weighted avg       0.77      0.77      0.77       167

Accuracy for landscape-type_visual: 64.07%

Confusion Matrix - landscape-type_visual:
[[ 7  2  1  0  0  7  0]
 [ 1  1  0  0  0  2  1]
 [ 0  2  0  0  0  0  0]
 [ 0  0  0  1  0  0  1]
 [ 0  0  0  0  0  0  1]
 [ 0  0  0  0  0 20 22]
 [ 0  0  0  0  0 20 78]]

Classification Report - landscape-type_visual:
              precision    recall  f1-score   support

           0       0.88      0.41      0.56        17
           1       0.20      0.20      0.20         5
           3       0.00      0.00      0.00         2
           4       1.00      0.50      0.67         2
           5       0.00      0.00      0.00         1
           6       0.41      0.48      0.44        42
           7       0.76      0.80      0.78        98

    accuracy                           0.64       167
   macro avg       0.46      0.34      0.38       167
weighted avg       0.65      0.64      0.64       167

