El DataFrame tiene 303 filas.
El DataFrame tiene 1136 filas.
El DataFrame tiene 237 filas.
El DataFrame de agreed tiene 1669 filas.

Etiquetas únicas en nature_visual:
['No' 'Yes']
------
nature_visual
No     1084
Yes     585
Name: count, dtype: int64
Etiquetas únicas en nep_materiality_visual:
[nan 'material' 'immaterial']
------
nep_materiality_visual
material      314
immaterial    273
Name: count, dtype: int64
Etiquetas únicas en nep_biological_visual:
[nan 'biotic' 'abiotic']
------
nep_biological_visual
biotic     480
abiotic    105
Name: count, dtype: int64
Etiquetas únicas en landscape-type_visual:
[nan 'artificial_surfaces' 'forest_and_seminatural_areas' 'water_bodies'
 'other' 'none' 'agricultural_areas' 'wetlands']
------
landscape-type_visual
none                            493
artificial_surfaces             124
forest_and_seminatural_areas     45
water_bodies                     19
agricultural_areas                9
other                             4
wetlands                          1
Name: count, dtype: int64

Total de imágenes: 1669
Epoch 1: Train Loss 4.1344, Val Loss 3.3919
Epoch 2: Train Loss 3.1988, Val Loss 3.3025
Epoch 3: Train Loss 2.8260, Val Loss 2.9393
Epoch 4: Train Loss 2.5663, Val Loss 2.8854
Epoch 5: Train Loss 2.3696, Val Loss 3.1402
Epoch 6: Train Loss 2.1661, Val Loss 3.0840
Epoch 7: Train Loss 2.0328, Val Loss 2.9597
Epoch 8: Train Loss 1.9375, Val Loss 3.1417
Epoch 9: Train Loss 1.8496, Val Loss 2.9585
Epoch 10: Train Loss 1.8183, Val Loss 2.9949
Epoch 11: Train Loss 1.6549, Val Loss 3.0456
Epoch 12: Train Loss 1.5383, Val Loss 2.8897
Epoch 13: Train Loss 1.4331, Val Loss 3.0486
Epoch 14: Train Loss 1.3771, Val Loss 3.0956
Epoch 15: Train Loss 1.4303, Val Loss 3.2733
Epoch 16: Train Loss 1.3406, Val Loss 3.2634
Epoch 17: Train Loss 1.1809, Val Loss 3.2864
Epoch 18: Train Loss 1.1572, Val Loss 3.4911
Epoch 19: Train Loss 1.1569, Val Loss 3.1765
Epoch 20: Train Loss 1.0593, Val Loss 3.4969
Epoch 21: Train Loss 1.0911, Val Loss 3.0250
Epoch 22: Train Loss 1.0621, Val Loss 3.4222
Epoch 23: Train Loss 0.9806, Val Loss 3.8785
Epoch 24: Train Loss 0.9453, Val Loss 3.5234
Epoch 25: Train Loss 0.9843, Val Loss 3.7656
Epoch 26: Train Loss 0.8564, Val Loss 3.6811
Epoch 27: Train Loss 0.9094, Val Loss 4.3242
Epoch 28: Train Loss 0.7538, Val Loss 3.2104
Epoch 29: Train Loss 0.8215, Val Loss 4.0492
Epoch 30: Train Loss 0.7506, Val Loss 3.7289
Epoch 31: Train Loss 0.8482, Val Loss 3.8450
Epoch 32: Train Loss 0.8098, Val Loss 3.7925
Epoch 33: Train Loss 0.7220, Val Loss 3.7362
Epoch 34: Train Loss 0.7451, Val Loss 3.8550
Epoch 35: Train Loss 0.7303, Val Loss 3.5839
Epoch 36: Train Loss 0.6087, Val Loss 4.1084
Epoch 37: Train Loss 0.6187, Val Loss 4.4696
Epoch 38: Train Loss 0.7088, Val Loss 3.8067
Epoch 39: Train Loss 0.6513, Val Loss 3.9762
Epoch 40: Train Loss 0.5570, Val Loss 4.2697
Epoch 41: Train Loss 0.5286, Val Loss 4.1618
Epoch 42: Train Loss 0.5611, Val Loss 4.1242
Epoch 43: Train Loss 0.6179, Val Loss 4.2040
Epoch 44: Train Loss 0.5433, Val Loss 3.9524
Epoch 45: Train Loss 0.4965, Val Loss 4.6616
Epoch 46: Train Loss 0.5679, Val Loss 4.3693
Epoch 47: Train Loss 0.4703, Val Loss 4.3699
Epoch 48: Train Loss 0.5502, Val Loss 4.5861
Epoch 49: Train Loss 0.4925, Val Loss 4.5168
Epoch 50: Train Loss 0.4985, Val Loss 4.2269
Epoch 51: Train Loss 0.4749, Val Loss 4.4246
Epoch 52: Train Loss 0.5383, Val Loss 4.6462
Epoch 53: Train Loss 0.4137, Val Loss 4.1714
Epoch 54: Train Loss 0.4868, Val Loss 4.4063
Epoch 55: Train Loss 0.4603, Val Loss 4.6811
Epoch 56: Train Loss 0.4905, Val Loss 4.3693
Epoch 57: Train Loss 0.4831, Val Loss 4.2538
Epoch 58: Train Loss 0.4545, Val Loss 4.1903
Epoch 59: Train Loss 0.3833, Val Loss 4.2043
Epoch 60: Train Loss 0.4724, Val Loss 4.7112
Epoch 61: Train Loss 0.4608, Val Loss 4.5377
Epoch 62: Train Loss 0.3950, Val Loss 4.0350
Epoch 63: Train Loss 0.4492, Val Loss 4.4066
Epoch 64: Train Loss 0.4059, Val Loss 4.3979
Epoch 65: Train Loss 0.4252, Val Loss 3.9969
Epoch 66: Train Loss 0.3491, Val Loss 4.1014
Epoch 67: Train Loss 0.4019, Val Loss 4.5390
Epoch 68: Train Loss 0.3454, Val Loss 4.9336
Epoch 69: Train Loss 0.3663, Val Loss 5.1228
Epoch 70: Train Loss 0.3632, Val Loss 5.4071
Epoch 71: Train Loss 0.3538, Val Loss 4.7762
Epoch 72: Train Loss 0.3789, Val Loss 5.1311
Epoch 73: Train Loss 0.3846, Val Loss 4.6725
Epoch 74: Train Loss 0.3453, Val Loss 5.0867
Epoch 75: Train Loss 0.3492, Val Loss 4.5376
Epoch 76: Train Loss 0.3513, Val Loss 4.9181
Epoch 77: Train Loss 0.3029, Val Loss 5.2774
Epoch 78: Train Loss 0.3935, Val Loss 4.8524
Epoch 79: Train Loss 0.3370, Val Loss 4.3693
Epoch 80: Train Loss 0.3109, Val Loss 4.2385
Epoch 81: Train Loss 0.3566, Val Loss 5.1236
Epoch 82: Train Loss 0.3201, Val Loss 5.1146
Epoch 83: Train Loss 0.2941, Val Loss 4.8859
Epoch 84: Train Loss 0.3830, Val Loss 4.8677
Epoch 85: Train Loss 0.3411, Val Loss 4.9346
Epoch 86: Train Loss 0.3027, Val Loss 4.5375
Epoch 87: Train Loss 0.3241, Val Loss 5.3027
Epoch 88: Train Loss 0.3582, Val Loss 4.2528
Epoch 89: Train Loss 0.3176, Val Loss 4.5493
Epoch 90: Train Loss 0.3290, Val Loss 4.8478
Epoch 91: Train Loss 0.2983, Val Loss 4.4696
Epoch 92: Train Loss 0.2868, Val Loss 4.8457
Epoch 93: Train Loss 0.3427, Val Loss 5.8679
Epoch 94: Train Loss 0.2589, Val Loss 5.1150
Epoch 95: Train Loss 0.3180, Val Loss 5.5819
Epoch 96: Train Loss 0.2505, Val Loss 5.6612
Epoch 97: Train Loss 0.2751, Val Loss 5.0373
Epoch 98: Train Loss 0.3474, Val Loss 4.8086
Epoch 99: Train Loss 0.2818, Val Loss 4.9411
Epoch 100: Train Loss 0.2375, Val Loss 4.9607
