El DataFrame tiene 303 filas.
El DataFrame tiene 1136 filas.
El DataFrame tiene 237 filas.
El DataFrame de agreed tiene 1669 filas.

Etiquetas únicas en nature_visual:
['No' 'Yes']
------
nature_visual
No     1084
Yes     585
Name: count, dtype: int64
Etiquetas únicas en nep_materiality_visual:
[nan 'material' 'immaterial']
------
nep_materiality_visual
material      314
immaterial    273
Name: count, dtype: int64
Etiquetas únicas en nep_biological_visual:
[nan 'biotic' 'abiotic']
------
nep_biological_visual
biotic     480
abiotic    105
Name: count, dtype: int64
Etiquetas únicas en landscape-type_visual:
[nan 'artificial_surfaces' 'forest_and_seminatural_areas' 'water_bodies'
 'other' 'none' 'agricultural_areas' 'wetlands']
------
landscape-type_visual
none                            493
artificial_surfaces             124
forest_and_seminatural_areas     45
water_bodies                     19
agricultural_areas                9
other                             4
wetlands                          1
Name: count, dtype: int64

Total de imágenes: 1669
Epoch 1: Train Loss 3.7001, Val Loss 3.3784
Epoch 2: Train Loss 2.6809, Val Loss 3.4230
Epoch 3: Train Loss 2.2967, Val Loss 3.2556
Epoch 4: Train Loss 2.1539, Val Loss 3.2255
Epoch 5: Train Loss 1.8449, Val Loss 3.2325
Epoch 6: Train Loss 1.7682, Val Loss 4.4320
Epoch 7: Train Loss 1.6207, Val Loss 3.4903
Epoch 8: Train Loss 1.4823, Val Loss 3.9159
Epoch 9: Train Loss 1.3223, Val Loss 3.5780
Epoch 10: Train Loss 1.1999, Val Loss 4.3605
Epoch 11: Train Loss 1.2091, Val Loss 3.8759
Epoch 12: Train Loss 1.0759, Val Loss 3.7678
Epoch 13: Train Loss 1.1355, Val Loss 3.7614
Epoch 14: Train Loss 1.0413, Val Loss 4.0769
Epoch 15: Train Loss 0.8982, Val Loss 3.6806
Epoch 16: Train Loss 0.9404, Val Loss 4.0407
Epoch 17: Train Loss 0.8412, Val Loss 4.1924
Epoch 18: Train Loss 0.8475, Val Loss 3.5375
Epoch 19: Train Loss 0.9139, Val Loss 4.7323
Epoch 20: Train Loss 0.8446, Val Loss 4.1969
Epoch 21: Train Loss 0.7497, Val Loss 4.1532
Epoch 22: Train Loss 0.6931, Val Loss 4.5964
Epoch 23: Train Loss 0.6807, Val Loss 3.9048
Epoch 24: Train Loss 0.7504, Val Loss 4.9828
Epoch 25: Train Loss 0.6679, Val Loss 4.3188
Epoch 26: Train Loss 0.6772, Val Loss 5.2501
Epoch 27: Train Loss 0.6527, Val Loss 5.2387
Epoch 28: Train Loss 0.6390, Val Loss 4.9735
Epoch 29: Train Loss 0.6259, Val Loss 4.6320
Epoch 30: Train Loss 0.5766, Val Loss 5.6178
Epoch 31: Train Loss 0.6983, Val Loss 4.5533
Epoch 32: Train Loss 0.6299, Val Loss 4.2696
Epoch 33: Train Loss 0.5076, Val Loss 5.1832
Epoch 34: Train Loss 0.6017, Val Loss 4.9853
Epoch 35: Train Loss 0.5732, Val Loss 4.7083
Epoch 36: Train Loss 0.5408, Val Loss 5.0448
Epoch 37: Train Loss 0.5515, Val Loss 4.9516
Epoch 38: Train Loss 0.6047, Val Loss 5.3234
Epoch 39: Train Loss 0.6020, Val Loss 4.3292
Epoch 40: Train Loss 0.5327, Val Loss 4.6170
Epoch 41: Train Loss 0.4983, Val Loss 5.1618
Epoch 42: Train Loss 0.4899, Val Loss 5.3720
Epoch 43: Train Loss 0.4812, Val Loss 4.6478
Epoch 44: Train Loss 0.4197, Val Loss 4.8803
Epoch 45: Train Loss 0.4324, Val Loss 4.2102
Epoch 46: Train Loss 0.4891, Val Loss 4.9794
Epoch 47: Train Loss 0.4438, Val Loss 5.9851
Epoch 48: Train Loss 0.4719, Val Loss 5.6333
Epoch 49: Train Loss 0.3814, Val Loss 5.5991
Epoch 50: Train Loss 0.4769, Val Loss 5.9844
Epoch 51: Train Loss 0.4271, Val Loss 5.0265
Epoch 52: Train Loss 0.4766, Val Loss 4.6327
Epoch 53: Train Loss 0.4493, Val Loss 5.8131
Epoch 54: Train Loss 0.3986, Val Loss 6.7926
Epoch 55: Train Loss 0.4765, Val Loss 5.0061
Epoch 56: Train Loss 0.4276, Val Loss 5.3547
Epoch 57: Train Loss 0.4957, Val Loss 4.8735
Epoch 58: Train Loss 0.5339, Val Loss 5.9069
Epoch 59: Train Loss 0.5368, Val Loss 6.0399
Epoch 60: Train Loss 0.4910, Val Loss 5.3965
Epoch 61: Train Loss 0.3871, Val Loss 5.3141
Epoch 62: Train Loss 0.4703, Val Loss 4.9472
Epoch 63: Train Loss 0.4162, Val Loss 5.1885
Epoch 64: Train Loss 0.4502, Val Loss 5.7204
Epoch 65: Train Loss 0.3969, Val Loss 5.4567
Epoch 66: Train Loss 0.3924, Val Loss 4.8497
Epoch 67: Train Loss 0.3822, Val Loss 6.1304
Epoch 68: Train Loss 0.4455, Val Loss 6.2380
Epoch 69: Train Loss 0.3569, Val Loss 5.2890
Epoch 70: Train Loss 0.4481, Val Loss 5.0970
Epoch 71: Train Loss 0.4185, Val Loss 4.8694
Epoch 72: Train Loss 0.3891, Val Loss 4.9944
Epoch 73: Train Loss 0.4055, Val Loss 5.2103
Epoch 74: Train Loss 0.3536, Val Loss 5.1935
Epoch 75: Train Loss 0.3988, Val Loss 4.7903
Epoch 76: Train Loss 0.4142, Val Loss 4.8059
Epoch 77: Train Loss 0.4100, Val Loss 4.5629
Epoch 78: Train Loss 0.3383, Val Loss 5.0201
Epoch 79: Train Loss 0.3778, Val Loss 5.4176
Epoch 80: Train Loss 0.3345, Val Loss 5.9708
Epoch 81: Train Loss 0.3662, Val Loss 5.0828
Epoch 82: Train Loss 0.3561, Val Loss 5.0389
Epoch 83: Train Loss 0.3407, Val Loss 5.7949
Epoch 84: Train Loss 0.3499, Val Loss 5.3058
Epoch 85: Train Loss 0.3818, Val Loss 5.2947
Epoch 86: Train Loss 0.3089, Val Loss 5.5664
Epoch 87: Train Loss 0.3885, Val Loss 5.8354
Epoch 88: Train Loss 0.3688, Val Loss 5.6906
Epoch 89: Train Loss 0.3660, Val Loss 5.4246
Epoch 90: Train Loss 0.3333, Val Loss 5.9092
Epoch 91: Train Loss 0.3413, Val Loss 6.0595
Epoch 92: Train Loss 0.3613, Val Loss 5.8257
Epoch 93: Train Loss 0.3365, Val Loss 6.0121
Epoch 94: Train Loss 0.2847, Val Loss 5.9987
Epoch 95: Train Loss 0.3523, Val Loss 6.5285
Epoch 96: Train Loss 0.3692, Val Loss 6.6107
Epoch 97: Train Loss 0.3479, Val Loss 6.0113
Epoch 98: Train Loss 0.4545, Val Loss 4.9295
Epoch 99: Train Loss 0.3046, Val Loss 6.8425
Epoch 100: Train Loss 0.3471, Val Loss 5.4869
